[2017-05-24 16:04:37.029] [INFO] pomelo - [32m[C:\www\www\pomelo\HelloWorld\game-server\node_modules\pomelo\lib\application.js] [39mapplication inited: "connector-server-1"
[2017-05-24 16:04:37.546] [INFO] pomelo - [32m[C:\www\www\pomelo\HelloWorld\game-server\node_modules\pomelo\lib\application.js] [39m"connector-server-1" enter after start...
[2017-05-24 16:04:37.555] [INFO] pomelo - [32m[C:\www\www\pomelo\HelloWorld\game-server\node_modules\pomelo\lib\application.js] [39m"connector-server-1" finish start
[2017-05-24 16:04:37.555] [INFO] pomelo - [32m[C:\www\www\pomelo\HelloWorld\game-server\node_modules\pomelo\lib\application.js] [39m"connector-server-1" startup in 437 ms
[2017-05-26 15:30:52.757] [INFO] pomelo - [32m[C:\www\www\pomelo\HelloWorld\game-server\node_modules\pomelo\lib\application.js] [39mapplication inited: "connector-server-1"
[2017-05-26 15:30:53.584] [INFO] pomelo - [32m[C:\www\www\pomelo\HelloWorld\game-server\node_modules\pomelo\lib\application.js] [39m"connector-server-1" enter after start...
[2017-05-26 15:30:53.590] [INFO] pomelo - [32m[C:\www\www\pomelo\HelloWorld\game-server\node_modules\pomelo\lib\application.js] [39m"connector-server-1" finish start
[2017-05-26 15:30:53.590] [INFO] pomelo - [32m[C:\www\www\pomelo\HelloWorld\game-server\node_modules\pomelo\lib\application.js] [39m"connector-server-1" startup in 649 ms
[2017-05-26 15:31:34.055] [DEBUG] pomelo - [36m[C:\www\www\pomelo\HelloWorld\game-server\node_modules\pomelo\lib\components\connector.js] [39m[connector-server-1] getSession session is created with session id: 1
[2017-05-26 15:31:34.099] [DEBUG] pomelo - [36m[C:\www\www\pomelo\HelloWorld\game-server\node_modules\pomelo\lib\components\connector.js] [39m[connector-server-1] handleMessage session id: 1, msg: {"id":1,"type":0,"compressRoute":0,"route":"connector.entryHandler.entry","body":"hello pomelo","compressGzip":0}
[2017-05-26 15:31:34.103] [DEBUG] pomelo - [36m[C:\www\www\pomelo\HelloWorld\game-server\node_modules\pomelo\lib\components\connector.js] [39m[connector-server-1] send message reqId: 1, route: connector.entryHandler.entry, msg: {"code":200,"msg":"game server is ok."}, receivers: [1], opts: {"type":"response","userOptions":{},"isResponse":true}
[2017-05-27 10:51:00.559] [INFO] pomelo - [32m[C:\www\www\pomelo\HelloWorld\game-server\node_modules\pomelo\lib\application.js] [39mapplication inited: "connector-server-1"
[2017-05-27 10:51:01.481] [INFO] pomelo - [32m[C:\www\www\pomelo\HelloWorld\game-server\node_modules\pomelo\lib\application.js] [39m"connector-server-1" enter after start...
[2017-05-27 10:51:01.488] [INFO] pomelo - [32m[C:\www\www\pomelo\HelloWorld\game-server\node_modules\pomelo\lib\application.js] [39m"connector-server-1" finish start
[2017-05-27 10:51:01.489] [INFO] pomelo - [32m[C:\www\www\pomelo\HelloWorld\game-server\node_modules\pomelo\lib\application.js] [39m"connector-server-1" startup in 735 ms
[2017-05-27 14:45:45.095] [INFO] pomelo - [32m[C:\www\www\pomelo\HelloWorld\game-server\node_modules\pomelo\lib\application.js] [39mapplication inited: "connector-server-1"
[2017-05-27 14:45:45.928] [INFO] pomelo - [32m[C:\www\www\pomelo\HelloWorld\game-server\node_modules\pomelo\lib\application.js] [39m"connector-server-1" enter after start...
[2017-05-27 14:45:45.934] [INFO] pomelo - [32m[C:\www\www\pomelo\HelloWorld\game-server\node_modules\pomelo\lib\application.js] [39m"connector-server-1" finish start
[2017-05-27 14:45:45.934] [INFO] pomelo - [32m[C:\www\www\pomelo\HelloWorld\game-server\node_modules\pomelo\lib\application.js] [39m"connector-server-1" startup in 646 ms
[2017-05-27 14:48:18.525] [WARN] pomelo - [33m[C:\www\www\pomelo\HelloWorld\game-server\node_modules\pomelo\lib\connectors\hybrid\switcher.js] [39mconnection is timeout without communication, the remote ip is ::1 && port is 52906
[2017-05-27 14:48:25.249] [INFO] pomelo - [32m[C:\www\www\pomelo\HelloWorld\game-server\node_modules\pomelo\lib\application.js] [39mapplication inited: "connector-server-1"
[2017-05-27 14:48:25.722] [INFO] pomelo - [32m[C:\www\www\pomelo\HelloWorld\game-server\node_modules\pomelo\lib\application.js] [39m"connector-server-1" enter after start...
[2017-05-27 14:48:25.731] [INFO] pomelo - [32m[C:\www\www\pomelo\HelloWorld\game-server\node_modules\pomelo\lib\application.js] [39m"connector-server-1" finish start
[2017-05-27 14:48:25.731] [INFO] pomelo - [32m[C:\www\www\pomelo\HelloWorld\game-server\node_modules\pomelo\lib\application.js] [39m"connector-server-1" startup in 392 ms
[2017-05-27 14:50:32.379] [INFO] pomelo - [32m[C:\www\www\pomelo\HelloWorld\game-server\node_modules\pomelo\lib\application.js] [39mapplication inited: "connector-server-1"
[2017-05-27 14:50:32.863] [INFO] pomelo - [32m[C:\www\www\pomelo\HelloWorld\game-server\node_modules\pomelo\lib\application.js] [39m"connector-server-1" enter after start...
[2017-05-27 14:50:32.871] [INFO] pomelo - [32m[C:\www\www\pomelo\HelloWorld\game-server\node_modules\pomelo\lib\application.js] [39m"connector-server-1" finish start
[2017-05-27 14:50:32.871] [INFO] pomelo - [32m[C:\www\www\pomelo\HelloWorld\game-server\node_modules\pomelo\lib\application.js] [39m"connector-server-1" startup in 399 ms
[2017-05-27 14:50:55.648] [DEBUG] pomelo - [36m[C:\www\www\pomelo\HelloWorld\game-server\node_modules\pomelo\lib\components\connector.js] [39m[connector-server-1] getSession session is created with session id: 1
[2017-05-27 14:51:03.685] [DEBUG] pomelo - [36m[C:\www\www\pomelo\HelloWorld\game-server\node_modules\pomelo\lib\components\connector.js] [39m[connector-server-1] handleMessage session id: 1, msg: {"id":0,"type":1,"compressRoute":0,"route":"connector.entryHandler.login","body":{"id":1,"name":"张三"},"compressGzip":0}
[2017-05-27 14:51:03.689] [WARN] pomelo - [33m[C:\www\www\pomelo\HelloWorld\game-server\node_modules\pomelo\lib\common\service\handlerService.js] [39mcould not find the method login in handler: entryHandler
[2017-05-27 14:51:03.690] [ERROR] pomelo - [31m[C:\www\www\pomelo\HelloWorld\game-server\node_modules\pomelo\lib\common\service\handlerService.js] [39m[handleManager]: fail to find handler for "connector.entryHandler.login"
[2017-05-27 14:51:03.701] [DEBUG] pomelo - [36m[C:\www\www\pomelo\HelloWorld\game-server\node_modules\pomelo\lib\server\server.js] [39mno default error handler to resolve unknown exception. Error: fail to find handler for connector.entryHandler.login
    at Service.handle (C:\www\www\pomelo\HelloWorld\game-server\node_modules\pomelo\lib\common\service\handlerService.js:35:30)
    at handle (C:\www\www\pomelo\HelloWorld\game-server\node_modules\pomelo\lib\server\server.js:375:25)
    at next (C:\www\www\pomelo\HelloWorld\game-server\node_modules\pomelo\lib\common\service\filterService.js:50:7)
    at Service.beforeFilter (C:\www\www\pomelo\HelloWorld\game-server\node_modules\pomelo\lib\common\service\filterService.js:65:3)
    at beforeFilter (C:\www\www\pomelo\HelloWorld\game-server\node_modules\pomelo\lib\server\server.js:242:8)
    at doHandle (C:\www\www\pomelo\HelloWorld\game-server\node_modules\pomelo\lib\server\server.js:388:3)
    at dispatch (C:\www\www\pomelo\HelloWorld\game-server\node_modules\pomelo\lib\server\server.js:107:7)
    at next (C:\www\www\pomelo\HelloWorld\game-server\node_modules\pomelo\lib\common\service\filterService.js:50:7)
    at Service.beforeFilter (C:\www\www\pomelo\HelloWorld\game-server\node_modules\pomelo\lib\common\service\filterService.js:65:3)
    at beforeFilter (C:\www\www\pomelo\HelloWorld\game-server\node_modules\pomelo\lib\server\server.js:242:8)
[2017-05-27 14:51:05.898] [DEBUG] pomelo - [36m[C:\www\www\pomelo\HelloWorld\game-server\node_modules\pomelo\lib\components\connector.js] [39m[connector-server-1] handleMessage session id: 1, msg: {"id":0,"type":1,"compressRoute":0,"route":"connector.entryHandler.login","body":{"id":1,"name":"张三"},"compressGzip":0}
[2017-05-27 14:51:05.899] [WARN] pomelo - [33m[C:\www\www\pomelo\HelloWorld\game-server\node_modules\pomelo\lib\common\service\handlerService.js] [39mcould not find the method login in handler: entryHandler
[2017-05-27 14:51:05.899] [ERROR] pomelo - [31m[C:\www\www\pomelo\HelloWorld\game-server\node_modules\pomelo\lib\common\service\handlerService.js] [39m[handleManager]: fail to find handler for "connector.entryHandler.login"
[2017-05-27 14:51:05.900] [DEBUG] pomelo - [36m[C:\www\www\pomelo\HelloWorld\game-server\node_modules\pomelo\lib\server\server.js] [39mno default error handler to resolve unknown exception. Error: fail to find handler for connector.entryHandler.login
    at Service.handle (C:\www\www\pomelo\HelloWorld\game-server\node_modules\pomelo\lib\common\service\handlerService.js:35:30)
    at handle (C:\www\www\pomelo\HelloWorld\game-server\node_modules\pomelo\lib\server\server.js:375:25)
    at next (C:\www\www\pomelo\HelloWorld\game-server\node_modules\pomelo\lib\common\service\filterService.js:50:7)
    at Service.beforeFilter (C:\www\www\pomelo\HelloWorld\game-server\node_modules\pomelo\lib\common\service\filterService.js:65:3)
    at beforeFilter (C:\www\www\pomelo\HelloWorld\game-server\node_modules\pomelo\lib\server\server.js:242:8)
    at doHandle (C:\www\www\pomelo\HelloWorld\game-server\node_modules\pomelo\lib\server\server.js:388:3)
    at dispatch (C:\www\www\pomelo\HelloWorld\game-server\node_modules\pomelo\lib\server\server.js:107:7)
    at next (C:\www\www\pomelo\HelloWorld\game-server\node_modules\pomelo\lib\common\service\filterService.js:50:7)
    at Service.beforeFilter (C:\www\www\pomelo\HelloWorld\game-server\node_modules\pomelo\lib\common\service\filterService.js:65:3)
    at beforeFilter (C:\www\www\pomelo\HelloWorld\game-server\node_modules\pomelo\lib\server\server.js:242:8)
[2017-05-27 14:51:18.650] [DEBUG] pomelo - [36m[C:\www\www\pomelo\HelloWorld\game-server\node_modules\pomelo\lib\common\service\sessionService.js] [39msession on [connector-server-1] is closed with session id: 1
[2017-05-27 14:54:38.023] [INFO] pomelo - [32m[C:\www\www\pomelo\HelloWorld\game-server\node_modules\pomelo\lib\application.js] [39mapplication inited: "connector-server-1"
[2017-05-27 14:54:38.523] [INFO] pomelo - [32m[C:\www\www\pomelo\HelloWorld\game-server\node_modules\pomelo\lib\application.js] [39m"connector-server-1" enter after start...
[2017-05-27 14:54:38.533] [INFO] pomelo - [32m[C:\www\www\pomelo\HelloWorld\game-server\node_modules\pomelo\lib\application.js] [39m"connector-server-1" finish start
[2017-05-27 14:54:38.533] [INFO] pomelo - [32m[C:\www\www\pomelo\HelloWorld\game-server\node_modules\pomelo\lib\application.js] [39m"connector-server-1" startup in 417 ms
[2017-05-27 14:59:33.454] [INFO] pomelo - [32m[C:\www\www\pomelo\HelloWorld\game-server\node_modules\pomelo\lib\application.js] [39mapplication inited: "connector-server-1"
[2017-05-27 14:59:33.925] [INFO] pomelo - [32m[C:\www\www\pomelo\HelloWorld\game-server\node_modules\pomelo\lib\application.js] [39m"connector-server-1" enter after start...
[2017-05-27 14:59:33.933] [INFO] pomelo - [32m[C:\www\www\pomelo\HelloWorld\game-server\node_modules\pomelo\lib\application.js] [39m"connector-server-1" finish start
[2017-05-27 14:59:33.933] [INFO] pomelo - [32m[C:\www\www\pomelo\HelloWorld\game-server\node_modules\pomelo\lib\application.js] [39m"connector-server-1" startup in 392 ms
[2017-05-27 15:01:15.727] [INFO] pomelo - [32m[C:\www\www\pomelo\HelloWorld\game-server\node_modules\pomelo\lib\application.js] [39mapplication inited: "connector-server-1"
[2017-05-27 15:01:16.213] [INFO] pomelo - [32m[C:\www\www\pomelo\HelloWorld\game-server\node_modules\pomelo\lib\application.js] [39m"connector-server-1" enter after start...
[2017-05-27 15:01:16.218] [INFO] pomelo - [32m[C:\www\www\pomelo\HelloWorld\game-server\node_modules\pomelo\lib\application.js] [39m"connector-server-1" finish start
[2017-05-27 15:01:16.219] [INFO] pomelo - [32m[C:\www\www\pomelo\HelloWorld\game-server\node_modules\pomelo\lib\application.js] [39m"connector-server-1" startup in 404 ms
[2017-05-27 15:14:46.249] [INFO] pomelo - [32m[C:\www\www\pomelo\HelloWorld\game-server\node_modules\pomelo\lib\application.js] [39mapplication inited: "connector-server-1"
[2017-05-27 15:14:46.736] [INFO] pomelo - [32m[C:\www\www\pomelo\HelloWorld\game-server\node_modules\pomelo\lib\application.js] [39m"connector-server-1" enter after start...
[2017-05-27 15:14:46.741] [INFO] pomelo - [32m[C:\www\www\pomelo\HelloWorld\game-server\node_modules\pomelo\lib\application.js] [39m"connector-server-1" finish start
[2017-05-27 15:14:46.741] [INFO] pomelo - [32m[C:\www\www\pomelo\HelloWorld\game-server\node_modules\pomelo\lib\application.js] [39m"connector-server-1" startup in 401 ms
[2017-05-27 15:16:51.939] [INFO] pomelo - [32m[C:\www\www\pomelo\HelloWorld\game-server\node_modules\pomelo\lib\application.js] [39mapplication inited: "connector-server-1"
[2017-05-27 15:16:52.448] [INFO] pomelo - [32m[C:\www\www\pomelo\HelloWorld\game-server\node_modules\pomelo\lib\application.js] [39m"connector-server-1" enter after start...
[2017-05-27 15:16:52.456] [INFO] pomelo - [32m[C:\www\www\pomelo\HelloWorld\game-server\node_modules\pomelo\lib\application.js] [39m"connector-server-1" finish start
[2017-05-27 15:16:52.456] [INFO] pomelo - [32m[C:\www\www\pomelo\HelloWorld\game-server\node_modules\pomelo\lib\application.js] [39m"connector-server-1" startup in 432 ms
[2017-05-27 15:35:07.203] [DEBUG] pomelo - [36m[C:\www\www\pomelo\HelloWorld\game-server\node_modules\pomelo\lib\components\connector.js] [39m[connector-server-1] getSession session is created with session id: 1
[2017-05-27 15:35:07.234] [DEBUG] pomelo - [36m[C:\www\www\pomelo\HelloWorld\game-server\node_modules\pomelo\lib\components\connector.js] [39m[connector-server-1] handleMessage session id: 1, msg: {"id":0,"type":1,"compressRoute":0,"route":"connector.entryHandler.login","body":{"id":1,"name":"张三"},"compressGzip":0}
[2017-05-27 15:35:07.247] [DEBUG] pomelo - [36m[C:\www\www\pomelo\HelloWorld\game-server\node_modules\pomelo\lib\components\connector.js] [39msession on [connector-server-1] bind with uid: u1
[2017-05-27 15:35:07.252] [WARN] pomelo - [33m[C:\www\www\pomelo\HelloWorld\game-server\node_modules\pomelo\lib\components\connector.js] [39mtry to response to a notify: "connector.entryHandler.login"
[2017-05-27 15:35:07.254] [DEBUG] pomelo - [36m[C:\www\www\pomelo\HelloWorld\game-server\node_modules\pomelo\lib\common\service\channelService.js] [39m[connector-server-1] channelService sendMessageByGroup route: login, msg: "我是登陆", groups: {"connector-server-1":["u1"]}, opts: {}
[2017-05-27 15:35:07.257] [DEBUG] pomelo - [36m[C:\www\www\pomelo\HelloWorld\game-server\node_modules\pomelo\lib\common\remote\frontend\channelRemote.js] [39m[connector-server-1] pushMessage uids: ["u1"], msg: "我是登陆", sids: [1]
[2017-05-27 15:35:07.258] [DEBUG] pomelo - [36m[C:\www\www\pomelo\HelloWorld\game-server\node_modules\pomelo\lib\components\connector.js] [39m[connector-server-1] send message reqId: null, route: login, msg: "我是登陆", receivers: [1], opts: {"type":"push","userOptions":{},"isPush":true}
[2017-05-27 15:35:07.264] [WARN] pomelo - [33m[C:\www\www\pomelo\HelloWorld\game-server\node_modules\pomelo\lib\components\connector.js] [39mtry to response to a notify: "connector.entryHandler.login"
[2017-05-27 15:47:03.815] [DEBUG] pomelo - [36m[C:\www\www\pomelo\HelloWorld\game-server\node_modules\pomelo\lib\common\service\sessionService.js] [39msession on [connector-server-1] is closed with session id: 1
[2017-05-27 15:47:22.369] [DEBUG] pomelo - [36m[C:\www\www\pomelo\HelloWorld\game-server\node_modules\pomelo\lib\components\connector.js] [39m[connector-server-1] getSession session is created with session id: 2
[2017-05-27 15:47:22.377] [DEBUG] pomelo - [36m[C:\www\www\pomelo\HelloWorld\game-server\node_modules\pomelo\lib\components\connector.js] [39m[connector-server-1] handleMessage session id: 2, msg: {"id":0,"type":1,"compressRoute":0,"route":"connector.entryHandler.login","body":{"id":1,"name":"张三"},"compressGzip":0}
[2017-05-27 15:47:22.379] [DEBUG] pomelo - [36m[C:\www\www\pomelo\HelloWorld\game-server\node_modules\pomelo\lib\components\connector.js] [39msession on [connector-server-1] bind with uid: u1
[2017-05-27 15:47:22.380] [WARN] pomelo - [33m[C:\www\www\pomelo\HelloWorld\game-server\node_modules\pomelo\lib\components\connector.js] [39mtry to response to a notify: "connector.entryHandler.login"
[2017-05-27 15:47:22.380] [DEBUG] pomelo - [36m[C:\www\www\pomelo\HelloWorld\game-server\node_modules\pomelo\lib\common\service\channelService.js] [39m[connector-server-1] channelService sendMessageByGroup route: login, msg: "我是登陆", groups: {"connector-server-1":["u1","u1"]}, opts: {}
[2017-05-27 15:47:22.381] [DEBUG] pomelo - [36m[C:\www\www\pomelo\HelloWorld\game-server\node_modules\pomelo\lib\common\remote\frontend\channelRemote.js] [39m[connector-server-1] pushMessage uids: ["u1","u1"], msg: "我是登陆", sids: [2,2]
[2017-05-27 15:47:22.382] [DEBUG] pomelo - [36m[C:\www\www\pomelo\HelloWorld\game-server\node_modules\pomelo\lib\components\connector.js] [39m[connector-server-1] send message reqId: null, route: login, msg: "我是登陆", receivers: [2,2], opts: {"type":"push","userOptions":{},"isPush":true}
[2017-05-27 15:47:22.382] [WARN] pomelo - [33m[C:\www\www\pomelo\HelloWorld\game-server\node_modules\pomelo\lib\components\connector.js] [39mtry to response to a notify: "connector.entryHandler.login"
[2017-05-27 15:47:25.185] [DEBUG] pomelo - [36m[C:\www\www\pomelo\HelloWorld\game-server\node_modules\pomelo\lib\common\service\sessionService.js] [39msession on [connector-server-1] is closed with session id: 2
[2017-05-27 15:47:37.472] [DEBUG] pomelo - [36m[C:\www\www\pomelo\HelloWorld\game-server\node_modules\pomelo\lib\components\connector.js] [39m[connector-server-1] getSession session is created with session id: 3
[2017-05-27 15:47:37.481] [DEBUG] pomelo - [36m[C:\www\www\pomelo\HelloWorld\game-server\node_modules\pomelo\lib\components\connector.js] [39m[connector-server-1] handleMessage session id: 3, msg: {"id":0,"type":1,"compressRoute":0,"route":"connector.entryHandler.login","body":{"id":1,"name":"张三"},"compressGzip":0}
[2017-05-27 15:47:37.481] [DEBUG] pomelo - [36m[C:\www\www\pomelo\HelloWorld\game-server\node_modules\pomelo\lib\components\connector.js] [39msession on [connector-server-1] bind with uid: u1
[2017-05-27 15:47:37.482] [WARN] pomelo - [33m[C:\www\www\pomelo\HelloWorld\game-server\node_modules\pomelo\lib\components\connector.js] [39mtry to response to a notify: "connector.entryHandler.login"
[2017-05-27 15:47:37.482] [DEBUG] pomelo - [36m[C:\www\www\pomelo\HelloWorld\game-server\node_modules\pomelo\lib\common\service\channelService.js] [39m[connector-server-1] channelService sendMessageByGroup route: login, msg: "我是登陆", groups: {"connector-server-1":["u1","u1","u1"]}, opts: {}
[2017-05-27 15:47:37.483] [DEBUG] pomelo - [36m[C:\www\www\pomelo\HelloWorld\game-server\node_modules\pomelo\lib\common\remote\frontend\channelRemote.js] [39m[connector-server-1] pushMessage uids: ["u1","u1","u1"], msg: "我是登陆", sids: [3,3,3]
[2017-05-27 15:47:37.483] [DEBUG] pomelo - [36m[C:\www\www\pomelo\HelloWorld\game-server\node_modules\pomelo\lib\components\connector.js] [39m[connector-server-1] send message reqId: null, route: login, msg: "我是登陆", receivers: [3,3,3], opts: {"type":"push","userOptions":{},"isPush":true}
[2017-05-27 15:47:37.484] [WARN] pomelo - [33m[C:\www\www\pomelo\HelloWorld\game-server\node_modules\pomelo\lib\components\connector.js] [39mtry to response to a notify: "connector.entryHandler.login"
[2017-05-27 15:51:24.833] [DEBUG] pomelo - [36m[C:\www\www\pomelo\HelloWorld\game-server\node_modules\pomelo\lib\common\service\sessionService.js] [39msession on [connector-server-1] is closed with session id: 3
[2017-05-27 15:51:24.944] [DEBUG] pomelo - [36m[C:\www\www\pomelo\HelloWorld\game-server\node_modules\pomelo\lib\components\connector.js] [39m[connector-server-1] getSession session is created with session id: 4
[2017-05-27 15:51:24.951] [DEBUG] pomelo - [36m[C:\www\www\pomelo\HelloWorld\game-server\node_modules\pomelo\lib\components\connector.js] [39m[connector-server-1] handleMessage session id: 4, msg: {"id":0,"type":1,"compressRoute":0,"route":"connector.entryHandler.login","body":{"id":1,"name":"张三"},"compressGzip":0}
[2017-05-27 15:51:24.952] [DEBUG] pomelo - [36m[C:\www\www\pomelo\HelloWorld\game-server\node_modules\pomelo\lib\components\connector.js] [39msession on [connector-server-1] bind with uid: u1
[2017-05-27 15:51:24.952] [WARN] pomelo - [33m[C:\www\www\pomelo\HelloWorld\game-server\node_modules\pomelo\lib\components\connector.js] [39mtry to response to a notify: "connector.entryHandler.login"
[2017-05-27 15:51:24.952] [DEBUG] pomelo - [36m[C:\www\www\pomelo\HelloWorld\game-server\node_modules\pomelo\lib\common\service\channelService.js] [39m[connector-server-1] channelService sendMessageByGroup route: login, msg: "我是登陆", groups: {"connector-server-1":["u1","u1","u1","u1"]}, opts: {}
[2017-05-27 15:51:24.952] [DEBUG] pomelo - [36m[C:\www\www\pomelo\HelloWorld\game-server\node_modules\pomelo\lib\common\remote\frontend\channelRemote.js] [39m[connector-server-1] pushMessage uids: ["u1","u1","u1","u1"], msg: "我是登陆", sids: [4,4,4,4]
[2017-05-27 15:51:24.953] [DEBUG] pomelo - [36m[C:\www\www\pomelo\HelloWorld\game-server\node_modules\pomelo\lib\components\connector.js] [39m[connector-server-1] send message reqId: null, route: login, msg: "我是登陆", receivers: [4,4,4,4], opts: {"type":"push","userOptions":{},"isPush":true}
[2017-05-27 15:51:24.953] [WARN] pomelo - [33m[C:\www\www\pomelo\HelloWorld\game-server\node_modules\pomelo\lib\components\connector.js] [39mtry to response to a notify: "connector.entryHandler.login"
[2017-05-31 08:35:54.632] [INFO] pomelo - [32m[C:\www\www\pomelo\HelloWorld\game-server\node_modules\pomelo\lib\application.js] [39mapplication inited: "connector-server-1"
[2017-05-31 08:35:55.519] [INFO] pomelo - [32m[C:\www\www\pomelo\HelloWorld\game-server\node_modules\pomelo\lib\application.js] [39m"connector-server-1" enter after start...
[2017-05-31 08:35:55.524] [INFO] pomelo - [32m[C:\www\www\pomelo\HelloWorld\game-server\node_modules\pomelo\lib\application.js] [39m"connector-server-1" finish start
[2017-05-31 08:35:55.524] [INFO] pomelo - [32m[C:\www\www\pomelo\HelloWorld\game-server\node_modules\pomelo\lib\application.js] [39m"connector-server-1" startup in 650 ms
[2017-06-08 15:10:13.134] [INFO] pomelo - [32m[C:\www\www\pomelo\doudizhu\game-server\node_modules\pomelo\lib\application.js] [39mapplication inited: "connector-server-1"
[2017-06-08 15:10:13.780] [INFO] pomelo - [32m[C:\www\www\pomelo\doudizhu\game-server\node_modules\pomelo\lib\application.js] [39m"connector-server-1" enter after start...
[2017-06-08 15:10:13.786] [INFO] pomelo - [32m[C:\www\www\pomelo\doudizhu\game-server\node_modules\pomelo\lib\application.js] [39m"connector-server-1" finish start
[2017-06-08 15:10:13.788] [INFO] pomelo - [32m[C:\www\www\pomelo\doudizhu\game-server\node_modules\pomelo\lib\application.js] [39m"connector-server-1" startup in 522 ms
[2017-06-08 20:57:05.051] [INFO] pomelo - [32m[C:\www\www\pomelo\doudizhu\game-server\node_modules\pomelo\lib\application.js] [39mapplication inited: "connector-server-1"
[2017-06-08 20:57:06.010] [INFO] pomelo - [32m[C:\www\www\pomelo\doudizhu\game-server\node_modules\pomelo\lib\application.js] [39m"connector-server-1" enter after start...
[2017-06-08 20:57:06.022] [INFO] pomelo - [32m[C:\www\www\pomelo\doudizhu\game-server\node_modules\pomelo\lib\application.js] [39m"connector-server-1" finish start
[2017-06-08 20:57:06.023] [INFO] pomelo - [32m[C:\www\www\pomelo\doudizhu\game-server\node_modules\pomelo\lib\application.js] [39m"connector-server-1" startup in 763 ms
[2017-06-10 11:10:59.129] [INFO] pomelo - [32m[C:\www\www\pomelo\doudizhu\game-server\node_modules\pomelo\lib\application.js] [39mapplication inited: "connector-server-1"
[2017-06-10 11:10:59.985] [INFO] pomelo - [32m[C:\www\www\pomelo\doudizhu\game-server\node_modules\pomelo\lib\application.js] [39m"connector-server-1" enter after start...
[2017-06-10 11:10:59.992] [INFO] pomelo - [32m[C:\www\www\pomelo\doudizhu\game-server\node_modules\pomelo\lib\application.js] [39m"connector-server-1" finish start
[2017-06-10 11:10:59.992] [INFO] pomelo - [32m[C:\www\www\pomelo\doudizhu\game-server\node_modules\pomelo\lib\application.js] [39m"connector-server-1" startup in 674 ms
[2017-06-10 11:24:13.412] [INFO] pomelo - [32m[C:\www\www\pomelo\doudizhu\game-server\node_modules\pomelo\lib\application.js] [39mapplication inited: "connector-server-1"
[2017-06-10 11:24:13.852] [INFO] pomelo - [32m[C:\www\www\pomelo\doudizhu\game-server\node_modules\pomelo\lib\application.js] [39m"connector-server-1" enter after start...
[2017-06-10 11:24:13.858] [INFO] pomelo - [32m[C:\www\www\pomelo\doudizhu\game-server\node_modules\pomelo\lib\application.js] [39m"connector-server-1" finish start
[2017-06-10 11:24:13.858] [INFO] pomelo - [32m[C:\www\www\pomelo\doudizhu\game-server\node_modules\pomelo\lib\application.js] [39m"connector-server-1" startup in 362 ms
[2017-06-10 11:30:25.102] [DEBUG] pomelo - [36m[C:\www\www\pomelo\doudizhu\game-server\node_modules\pomelo\lib\components\connector.js] [39m[connector-server-1] getSession session is created with session id: 1
[2017-06-10 11:30:25.146] [DEBUG] pomelo - [36m[C:\www\www\pomelo\doudizhu\game-server\node_modules\pomelo\lib\components\connector.js] [39m[connector-server-1] handleMessage session id: 1, msg: {"id":0,"type":1,"compressRoute":0,"route":"connector.roomHandler.enterRoom","body":{"id":"59352fee30186413904febec","nicheng":"q","room":"room54"},"compressGzip":0}
[2017-06-10 11:30:25.151] [WARN] pomelo - [33m[C:\www\www\pomelo\doudizhu\game-server\node_modules\pomelo\lib\common\service\handlerService.js] [39mcould not find handler for routeRecord: {"route":"connector.roomHandler.enterRoom","serverType":"connector","handler":"roomHandler","method":"enterRoom"}
[2017-06-10 11:30:25.152] [ERROR] pomelo - [31m[C:\www\www\pomelo\doudizhu\game-server\node_modules\pomelo\lib\common\service\handlerService.js] [39m[handleManager]: fail to find handler for "connector.roomHandler.enterRoom"
[2017-06-10 11:30:25.155] [DEBUG] pomelo - [36m[C:\www\www\pomelo\doudizhu\game-server\node_modules\pomelo\lib\server\server.js] [39mno default error handler to resolve unknown exception. Error: fail to find handler for connector.roomHandler.enterRoom
    at Service.handle (C:\www\www\pomelo\doudizhu\game-server\node_modules\pomelo\lib\common\service\handlerService.js:35:30)
    at handle (C:\www\www\pomelo\doudizhu\game-server\node_modules\pomelo\lib\server\server.js:375:25)
    at next (C:\www\www\pomelo\doudizhu\game-server\node_modules\pomelo\lib\common\service\filterService.js:50:7)
    at Service.beforeFilter (C:\www\www\pomelo\doudizhu\game-server\node_modules\pomelo\lib\common\service\filterService.js:65:3)
    at beforeFilter (C:\www\www\pomelo\doudizhu\game-server\node_modules\pomelo\lib\server\server.js:242:8)
    at doHandle (C:\www\www\pomelo\doudizhu\game-server\node_modules\pomelo\lib\server\server.js:388:3)
    at dispatch (C:\www\www\pomelo\doudizhu\game-server\node_modules\pomelo\lib\server\server.js:107:7)
    at next (C:\www\www\pomelo\doudizhu\game-server\node_modules\pomelo\lib\common\service\filterService.js:50:7)
    at Service.beforeFilter (C:\www\www\pomelo\doudizhu\game-server\node_modules\pomelo\lib\common\service\filterService.js:65:3)
    at beforeFilter (C:\www\www\pomelo\doudizhu\game-server\node_modules\pomelo\lib\server\server.js:242:8)
[2017-06-10 11:31:55.620] [INFO] pomelo - [32m[C:\www\www\pomelo\doudizhu\game-server\node_modules\pomelo\lib\application.js] [39mapplication inited: "connector-server-1"
[2017-06-10 11:31:56.460] [INFO] pomelo - [32m[C:\www\www\pomelo\doudizhu\game-server\node_modules\pomelo\lib\application.js] [39m"connector-server-1" enter after start...
[2017-06-10 11:31:56.469] [INFO] pomelo - [32m[C:\www\www\pomelo\doudizhu\game-server\node_modules\pomelo\lib\application.js] [39m"connector-server-1" finish start
[2017-06-10 11:31:56.469] [INFO] pomelo - [32m[C:\www\www\pomelo\doudizhu\game-server\node_modules\pomelo\lib\application.js] [39m"connector-server-1" startup in 665 ms
[2017-06-10 11:32:37.797] [DEBUG] pomelo - [36m[C:\www\www\pomelo\doudizhu\game-server\node_modules\pomelo\lib\components\connector.js] [39m[connector-server-1] getSession session is created with session id: 1
[2017-06-10 11:32:37.849] [DEBUG] pomelo - [36m[C:\www\www\pomelo\doudizhu\game-server\node_modules\pomelo\lib\components\connector.js] [39m[connector-server-1] handleMessage session id: 1, msg: {"id":0,"type":1,"compressRoute":0,"route":"connector.roomHandler.enterRoom","body":{"id":"59352fee30186413904febec","nicheng":"q","room":"room54"},"compressGzip":0}
[2017-06-10 11:32:37.855] [WARN] pomelo - [33m[C:\www\www\pomelo\doudizhu\game-server\node_modules\pomelo\lib\common\service\handlerService.js] [39mcould not find handler for routeRecord: {"route":"connector.roomHandler.enterRoom","serverType":"connector","handler":"roomHandler","method":"enterRoom"}
[2017-06-10 11:32:37.856] [ERROR] pomelo - [31m[C:\www\www\pomelo\doudizhu\game-server\node_modules\pomelo\lib\common\service\handlerService.js] [39m[handleManager]: fail to find handler for "connector.roomHandler.enterRoom"
[2017-06-10 11:32:37.859] [DEBUG] pomelo - [36m[C:\www\www\pomelo\doudizhu\game-server\node_modules\pomelo\lib\server\server.js] [39mno default error handler to resolve unknown exception. Error: fail to find handler for connector.roomHandler.enterRoom
    at Service.handle (C:\www\www\pomelo\doudizhu\game-server\node_modules\pomelo\lib\common\service\handlerService.js:35:30)
    at handle (C:\www\www\pomelo\doudizhu\game-server\node_modules\pomelo\lib\server\server.js:375:25)
    at next (C:\www\www\pomelo\doudizhu\game-server\node_modules\pomelo\lib\common\service\filterService.js:50:7)
    at Service.beforeFilter (C:\www\www\pomelo\doudizhu\game-server\node_modules\pomelo\lib\common\service\filterService.js:65:3)
    at beforeFilter (C:\www\www\pomelo\doudizhu\game-server\node_modules\pomelo\lib\server\server.js:242:8)
    at doHandle (C:\www\www\pomelo\doudizhu\game-server\node_modules\pomelo\lib\server\server.js:388:3)
    at dispatch (C:\www\www\pomelo\doudizhu\game-server\node_modules\pomelo\lib\server\server.js:107:7)
    at next (C:\www\www\pomelo\doudizhu\game-server\node_modules\pomelo\lib\common\service\filterService.js:50:7)
    at Service.beforeFilter (C:\www\www\pomelo\doudizhu\game-server\node_modules\pomelo\lib\common\service\filterService.js:65:3)
    at beforeFilter (C:\www\www\pomelo\doudizhu\game-server\node_modules\pomelo\lib\server\server.js:242:8)
[2017-06-10 11:32:42.827] [DEBUG] pomelo - [36m[C:\www\www\pomelo\doudizhu\game-server\node_modules\pomelo\lib\components\connector.js] [39m[connector-server-1] getSession session is created with session id: 2
[2017-06-10 11:32:42.850] [DEBUG] pomelo - [36m[C:\www\www\pomelo\doudizhu\game-server\node_modules\pomelo\lib\components\connector.js] [39m[connector-server-1] handleMessage session id: 2, msg: {"id":0,"type":1,"compressRoute":0,"route":"connector.roomHandler.enterRoom","body":{"id":"59352fee30186413904febec","nicheng":"q","room":"room55"},"compressGzip":0}
[2017-06-10 11:32:42.850] [WARN] pomelo - [33m[C:\www\www\pomelo\doudizhu\game-server\node_modules\pomelo\lib\common\service\handlerService.js] [39mcould not find handler for routeRecord: {"route":"connector.roomHandler.enterRoom","serverType":"connector","handler":"roomHandler","method":"enterRoom"}
[2017-06-10 11:32:42.851] [ERROR] pomelo - [31m[C:\www\www\pomelo\doudizhu\game-server\node_modules\pomelo\lib\common\service\handlerService.js] [39m[handleManager]: fail to find handler for "connector.roomHandler.enterRoom"
[2017-06-10 11:32:42.851] [DEBUG] pomelo - [36m[C:\www\www\pomelo\doudizhu\game-server\node_modules\pomelo\lib\server\server.js] [39mno default error handler to resolve unknown exception. Error: fail to find handler for connector.roomHandler.enterRoom
    at Service.handle (C:\www\www\pomelo\doudizhu\game-server\node_modules\pomelo\lib\common\service\handlerService.js:35:30)
    at handle (C:\www\www\pomelo\doudizhu\game-server\node_modules\pomelo\lib\server\server.js:375:25)
    at next (C:\www\www\pomelo\doudizhu\game-server\node_modules\pomelo\lib\common\service\filterService.js:50:7)
    at Service.beforeFilter (C:\www\www\pomelo\doudizhu\game-server\node_modules\pomelo\lib\common\service\filterService.js:65:3)
    at beforeFilter (C:\www\www\pomelo\doudizhu\game-server\node_modules\pomelo\lib\server\server.js:242:8)
    at doHandle (C:\www\www\pomelo\doudizhu\game-server\node_modules\pomelo\lib\server\server.js:388:3)
    at dispatch (C:\www\www\pomelo\doudizhu\game-server\node_modules\pomelo\lib\server\server.js:107:7)
    at next (C:\www\www\pomelo\doudizhu\game-server\node_modules\pomelo\lib\common\service\filterService.js:50:7)
    at Service.beforeFilter (C:\www\www\pomelo\doudizhu\game-server\node_modules\pomelo\lib\common\service\filterService.js:65:3)
    at beforeFilter (C:\www\www\pomelo\doudizhu\game-server\node_modules\pomelo\lib\server\server.js:242:8)
[2017-06-10 11:34:56.982] [INFO] pomelo - [32m[C:\www\www\pomelo\doudizhu\game-server\node_modules\pomelo\lib\application.js] [39mapplication inited: "connector-server-1"
[2017-06-10 11:34:57.412] [INFO] pomelo - [32m[C:\www\www\pomelo\doudizhu\game-server\node_modules\pomelo\lib\application.js] [39m"connector-server-1" enter after start...
[2017-06-10 11:34:57.419] [INFO] pomelo - [32m[C:\www\www\pomelo\doudizhu\game-server\node_modules\pomelo\lib\application.js] [39m"connector-server-1" finish start
[2017-06-10 11:34:57.419] [INFO] pomelo - [32m[C:\www\www\pomelo\doudizhu\game-server\node_modules\pomelo\lib\application.js] [39m"connector-server-1" startup in 356 ms
[2017-06-10 11:35:10.710] [DEBUG] pomelo - [36m[C:\www\www\pomelo\doudizhu\game-server\node_modules\pomelo\lib\components\connector.js] [39m[connector-server-1] getSession session is created with session id: 1
[2017-06-10 11:35:10.743] [DEBUG] pomelo - [36m[C:\www\www\pomelo\doudizhu\game-server\node_modules\pomelo\lib\components\connector.js] [39m[connector-server-1] handleMessage session id: 1, msg: {"id":0,"type":1,"compressRoute":0,"route":"connector.roomHandler.enterRoom","body":{"id":"59352fee30186413904febec","nicheng":"q","room":"room57"},"compressGzip":0}
[2017-06-10 11:35:10.748] [WARN] pomelo - [33m[C:\www\www\pomelo\doudizhu\game-server\node_modules\pomelo\lib\common\service\handlerService.js] [39mcould not find handler for routeRecord: {"route":"connector.roomHandler.enterRoom","serverType":"connector","handler":"roomHandler","method":"enterRoom"}
[2017-06-10 11:35:10.749] [ERROR] pomelo - [31m[C:\www\www\pomelo\doudizhu\game-server\node_modules\pomelo\lib\common\service\handlerService.js] [39m[handleManager]: fail to find handler for "connector.roomHandler.enterRoom"
[2017-06-10 11:35:10.752] [DEBUG] pomelo - [36m[C:\www\www\pomelo\doudizhu\game-server\node_modules\pomelo\lib\server\server.js] [39mno default error handler to resolve unknown exception. Error: fail to find handler for connector.roomHandler.enterRoom
    at Service.handle (C:\www\www\pomelo\doudizhu\game-server\node_modules\pomelo\lib\common\service\handlerService.js:35:30)
    at handle (C:\www\www\pomelo\doudizhu\game-server\node_modules\pomelo\lib\server\server.js:375:25)
    at next (C:\www\www\pomelo\doudizhu\game-server\node_modules\pomelo\lib\common\service\filterService.js:50:7)
    at Service.beforeFilter (C:\www\www\pomelo\doudizhu\game-server\node_modules\pomelo\lib\common\service\filterService.js:65:3)
    at beforeFilter (C:\www\www\pomelo\doudizhu\game-server\node_modules\pomelo\lib\server\server.js:242:8)
    at doHandle (C:\www\www\pomelo\doudizhu\game-server\node_modules\pomelo\lib\server\server.js:388:3)
    at dispatch (C:\www\www\pomelo\doudizhu\game-server\node_modules\pomelo\lib\server\server.js:107:7)
    at next (C:\www\www\pomelo\doudizhu\game-server\node_modules\pomelo\lib\common\service\filterService.js:50:7)
    at Service.beforeFilter (C:\www\www\pomelo\doudizhu\game-server\node_modules\pomelo\lib\common\service\filterService.js:65:3)
    at beforeFilter (C:\www\www\pomelo\doudizhu\game-server\node_modules\pomelo\lib\server\server.js:242:8)
[2017-06-10 11:35:23.328] [DEBUG] pomelo - [36m[C:\www\www\pomelo\doudizhu\game-server\node_modules\pomelo\lib\components\connector.js] [39m[connector-server-1] getSession session is created with session id: 2
[2017-06-10 11:35:23.345] [DEBUG] pomelo - [36m[C:\www\www\pomelo\doudizhu\game-server\node_modules\pomelo\lib\components\connector.js] [39m[connector-server-1] handleMessage session id: 2, msg: {"id":0,"type":1,"compressRoute":0,"route":"connector.roomHandler.enterRoom","body":{"id":"59352fee30186413904febec","nicheng":"q","room":"room58"},"compressGzip":0}
[2017-06-10 11:35:23.346] [WARN] pomelo - [33m[C:\www\www\pomelo\doudizhu\game-server\node_modules\pomelo\lib\common\service\handlerService.js] [39mcould not find handler for routeRecord: {"route":"connector.roomHandler.enterRoom","serverType":"connector","handler":"roomHandler","method":"enterRoom"}
[2017-06-10 11:35:23.347] [ERROR] pomelo - [31m[C:\www\www\pomelo\doudizhu\game-server\node_modules\pomelo\lib\common\service\handlerService.js] [39m[handleManager]: fail to find handler for "connector.roomHandler.enterRoom"
[2017-06-10 11:35:23.348] [DEBUG] pomelo - [36m[C:\www\www\pomelo\doudizhu\game-server\node_modules\pomelo\lib\server\server.js] [39mno default error handler to resolve unknown exception. Error: fail to find handler for connector.roomHandler.enterRoom
    at Service.handle (C:\www\www\pomelo\doudizhu\game-server\node_modules\pomelo\lib\common\service\handlerService.js:35:30)
    at handle (C:\www\www\pomelo\doudizhu\game-server\node_modules\pomelo\lib\server\server.js:375:25)
    at next (C:\www\www\pomelo\doudizhu\game-server\node_modules\pomelo\lib\common\service\filterService.js:50:7)
    at Service.beforeFilter (C:\www\www\pomelo\doudizhu\game-server\node_modules\pomelo\lib\common\service\filterService.js:65:3)
    at beforeFilter (C:\www\www\pomelo\doudizhu\game-server\node_modules\pomelo\lib\server\server.js:242:8)
    at doHandle (C:\www\www\pomelo\doudizhu\game-server\node_modules\pomelo\lib\server\server.js:388:3)
    at dispatch (C:\www\www\pomelo\doudizhu\game-server\node_modules\pomelo\lib\server\server.js:107:7)
    at next (C:\www\www\pomelo\doudizhu\game-server\node_modules\pomelo\lib\common\service\filterService.js:50:7)
    at Service.beforeFilter (C:\www\www\pomelo\doudizhu\game-server\node_modules\pomelo\lib\common\service\filterService.js:65:3)
    at beforeFilter (C:\www\www\pomelo\doudizhu\game-server\node_modules\pomelo\lib\server\server.js:242:8)
[2017-06-10 11:35:28.755] [INFO] pomelo - [32m[C:\www\www\pomelo\doudizhu\game-server\node_modules\pomelo\lib\connectors\commands\heartbeat.js] [39mclient 1 heartbeat timeout.
[2017-06-10 11:35:28.757] [DEBUG] pomelo - [36m[C:\www\www\pomelo\doudizhu\game-server\node_modules\pomelo\lib\common\service\sessionService.js] [39msession on [connector-server-1] is closed with session id: 1
[2017-06-10 11:37:49.511] [DEBUG] pomelo - [36m[C:\www\www\pomelo\doudizhu\game-server\node_modules\pomelo\lib\components\connector.js] [39m[connector-server-1] getSession session is created with session id: 3
[2017-06-10 11:37:49.523] [DEBUG] pomelo - [36m[C:\www\www\pomelo\doudizhu\game-server\node_modules\pomelo\lib\components\connector.js] [39m[connector-server-1] handleMessage session id: 3, msg: {"id":0,"type":1,"compressRoute":0,"route":"connector.RoomHandler.enterRoom","body":{"id":"59352fee30186413904febec","nicheng":"q","room":"room58"},"compressGzip":0}
[2017-06-10 11:37:49.526] [DEBUG] pomelo - [36m[C:\www\www\pomelo\doudizhu\game-server\node_modules\pomelo\lib\components\connector.js] [39msession on [connector-server-1] bind with uid: 59352fee30186413904febec
[2017-06-10 11:37:49.529] [WARN] pomelo - [33m[C:\www\www\pomelo\doudizhu\game-server\node_modules\pomelo\lib\components\connector.js] [39mtry to response to a notify: "connector.RoomHandler.enterRoom"
[2017-06-10 11:37:49.530] [DEBUG] pomelo - [36m[C:\www\www\pomelo\doudizhu\game-server\node_modules\pomelo\lib\common\service\channelService.js] [39m[connector-server-1] channelService sendMessageByGroup route: enterRoom, msg: "q进入房间了", groups: {"connector-server-1":["59352fee30186413904febec"]}, opts: {}
[2017-06-10 11:37:49.531] [DEBUG] pomelo - [36m[C:\www\www\pomelo\doudizhu\game-server\node_modules\pomelo\lib\common\remote\frontend\channelRemote.js] [39m[connector-server-1] pushMessage uids: ["59352fee30186413904febec"], msg: "q进入房间了", sids: [3]
[2017-06-10 11:37:49.533] [DEBUG] pomelo - [36m[C:\www\www\pomelo\doudizhu\game-server\node_modules\pomelo\lib\components\connector.js] [39m[connector-server-1] send message reqId: null, route: enterRoom, msg: "q进入房间了", receivers: [3], opts: {"type":"push","userOptions":{},"isPush":true}
[2017-06-10 11:37:49.549] [DEBUG] pomelo - [36m[C:\www\www\pomelo\doudizhu\game-server\node_modules\pomelo\lib\components\connector.js] [39m[connector-server-1] getSession session is created with session id: 4
[2017-06-10 11:37:49.555] [DEBUG] pomelo - [36m[C:\www\www\pomelo\doudizhu\game-server\node_modules\pomelo\lib\components\connector.js] [39m[connector-server-1] handleMessage session id: 4, msg: {"id":0,"type":1,"compressRoute":0,"route":"connector.RoomHandler.enterRoom","body":{"id":"59352fee30186413904febec","nicheng":"q","room":"room54"},"compressGzip":0}
[2017-06-10 11:37:49.556] [DEBUG] pomelo - [36m[C:\www\www\pomelo\doudizhu\game-server\node_modules\pomelo\lib\components\connector.js] [39msession on [connector-server-1] bind with uid: 59352fee30186413904febec
[2017-06-10 11:37:49.557] [WARN] pomelo - [33m[C:\www\www\pomelo\doudizhu\game-server\node_modules\pomelo\lib\components\connector.js] [39mtry to response to a notify: "connector.RoomHandler.enterRoom"
[2017-06-10 11:37:49.559] [DEBUG] pomelo - [36m[C:\www\www\pomelo\doudizhu\game-server\node_modules\pomelo\lib\common\service\channelService.js] [39m[connector-server-1] channelService sendMessageByGroup route: enterRoom, msg: "q进入房间了", groups: {"connector-server-1":["59352fee30186413904febec"]}, opts: {}
[2017-06-10 11:37:49.559] [DEBUG] pomelo - [36m[C:\www\www\pomelo\doudizhu\game-server\node_modules\pomelo\lib\common\remote\frontend\channelRemote.js] [39m[connector-server-1] pushMessage uids: ["59352fee30186413904febec"], msg: "q进入房间了", sids: [3,4]
[2017-06-10 11:37:49.560] [DEBUG] pomelo - [36m[C:\www\www\pomelo\doudizhu\game-server\node_modules\pomelo\lib\components\connector.js] [39m[connector-server-1] send message reqId: null, route: enterRoom, msg: "q进入房间了", receivers: [3,4], opts: {"type":"push","userOptions":{},"isPush":true}
[2017-06-10 11:37:52.950] [INFO] pomelo - [32m[C:\www\www\pomelo\doudizhu\game-server\node_modules\pomelo\lib\connectors\commands\heartbeat.js] [39mclient 2 heartbeat timeout.
[2017-06-10 11:37:52.951] [DEBUG] pomelo - [36m[C:\www\www\pomelo\doudizhu\game-server\node_modules\pomelo\lib\common\service\sessionService.js] [39msession on [connector-server-1] is closed with session id: 2
[2017-06-10 11:37:55.524] [INFO] pomelo - [32m[C:\www\www\pomelo\doudizhu\game-server\node_modules\pomelo\lib\connectors\commands\heartbeat.js] [39mclient 3 heartbeat timeout.
[2017-06-10 11:37:55.524] [DEBUG] pomelo - [36m[C:\www\www\pomelo\doudizhu\game-server\node_modules\pomelo\lib\common\service\sessionService.js] [39msession on [connector-server-1] is closed with session id: 3
[2017-06-10 11:37:55.557] [INFO] pomelo - [32m[C:\www\www\pomelo\doudizhu\game-server\node_modules\pomelo\lib\connectors\commands\heartbeat.js] [39mclient 4 heartbeat timeout.
[2017-06-10 11:37:55.557] [DEBUG] pomelo - [36m[C:\www\www\pomelo\doudizhu\game-server\node_modules\pomelo\lib\common\service\sessionService.js] [39msession on [connector-server-1] is closed with session id: 4
[2017-06-10 14:53:44.316] [DEBUG] pomelo - [36m[C:\www\www\pomelo\doudizhu\game-server\node_modules\pomelo\lib\components\connector.js] [39m[connector-server-1] getSession session is created with session id: 5
[2017-06-10 14:53:44.330] [DEBUG] pomelo - [36m[C:\www\www\pomelo\doudizhu\game-server\node_modules\pomelo\lib\components\connector.js] [39m[connector-server-1] handleMessage session id: 5, msg: {"id":0,"type":1,"compressRoute":0,"route":"connector.RoomHandler.enterRoom","body":{"id":"59352fee30186413904febec","nicheng":"q","room":"room59"},"compressGzip":0}
[2017-06-10 14:53:44.331] [DEBUG] pomelo - [36m[C:\www\www\pomelo\doudizhu\game-server\node_modules\pomelo\lib\components\connector.js] [39msession on [connector-server-1] bind with uid: 59352fee30186413904febec
[2017-06-10 14:53:44.331] [WARN] pomelo - [33m[C:\www\www\pomelo\doudizhu\game-server\node_modules\pomelo\lib\components\connector.js] [39mtry to response to a notify: "connector.RoomHandler.enterRoom"
[2017-06-10 14:53:44.331] [DEBUG] pomelo - [36m[C:\www\www\pomelo\doudizhu\game-server\node_modules\pomelo\lib\common\service\channelService.js] [39m[connector-server-1] channelService sendMessageByGroup route: enterRoom, msg: "q进入房间了", groups: {"connector-server-1":["59352fee30186413904febec"]}, opts: {}
[2017-06-10 14:53:44.332] [DEBUG] pomelo - [36m[C:\www\www\pomelo\doudizhu\game-server\node_modules\pomelo\lib\common\remote\frontend\channelRemote.js] [39m[connector-server-1] pushMessage uids: ["59352fee30186413904febec"], msg: "q进入房间了", sids: [5]
[2017-06-10 14:53:44.332] [DEBUG] pomelo - [36m[C:\www\www\pomelo\doudizhu\game-server\node_modules\pomelo\lib\components\connector.js] [39m[connector-server-1] send message reqId: null, route: enterRoom, msg: "q进入房间了", receivers: [5], opts: {"type":"push","userOptions":{},"isPush":true}
[2017-06-10 14:53:51.589] [DEBUG] pomelo - [36m[C:\www\www\pomelo\doudizhu\game-server\node_modules\pomelo\lib\components\connector.js] [39m[connector-server-1] getSession session is created with session id: 6
[2017-06-10 14:53:51.599] [DEBUG] pomelo - [36m[C:\www\www\pomelo\doudizhu\game-server\node_modules\pomelo\lib\components\connector.js] [39m[connector-server-1] handleMessage session id: 6, msg: {"id":0,"type":1,"compressRoute":0,"route":"connector.RoomHandler.enterRoom","body":{"id":"59352fee30186413904febec","nicheng":"q","room":"room59"},"compressGzip":0}
[2017-06-10 14:53:51.600] [DEBUG] pomelo - [36m[C:\www\www\pomelo\doudizhu\game-server\node_modules\pomelo\lib\components\connector.js] [39msession on [connector-server-1] bind with uid: 59352fee30186413904febec
[2017-06-10 14:53:51.601] [WARN] pomelo - [33m[C:\www\www\pomelo\doudizhu\game-server\node_modules\pomelo\lib\components\connector.js] [39mtry to response to a notify: "connector.RoomHandler.enterRoom"
[2017-06-10 14:53:51.602] [DEBUG] pomelo - [36m[C:\www\www\pomelo\doudizhu\game-server\node_modules\pomelo\lib\common\service\channelService.js] [39m[connector-server-1] channelService sendMessageByGroup route: enterRoom, msg: "q进入房间了", groups: {"connector-server-1":["59352fee30186413904febec","59352fee30186413904febec"]}, opts: {}
[2017-06-10 14:53:51.602] [DEBUG] pomelo - [36m[C:\www\www\pomelo\doudizhu\game-server\node_modules\pomelo\lib\common\remote\frontend\channelRemote.js] [39m[connector-server-1] pushMessage uids: ["59352fee30186413904febec","59352fee30186413904febec"], msg: "q进入房间了", sids: [5,6,5,6]
[2017-06-10 14:53:51.603] [DEBUG] pomelo - [36m[C:\www\www\pomelo\doudizhu\game-server\node_modules\pomelo\lib\components\connector.js] [39m[connector-server-1] send message reqId: null, route: enterRoom, msg: "q进入房间了", receivers: [5,6,5,6], opts: {"type":"push","userOptions":{},"isPush":true}
[2017-06-10 14:53:51.613] [DEBUG] pomelo - [36m[C:\www\www\pomelo\doudizhu\game-server\node_modules\pomelo\lib\components\connector.js] [39m[connector-server-1] getSession session is created with session id: 7
[2017-06-10 14:53:51.631] [DEBUG] pomelo - [36m[C:\www\www\pomelo\doudizhu\game-server\node_modules\pomelo\lib\components\connector.js] [39m[connector-server-1] handleMessage session id: 7, msg: {"id":0,"type":1,"compressRoute":0,"route":"connector.RoomHandler.enterRoom","body":{"id":"59352fee30186413904febec","nicheng":"q","room":"room54"},"compressGzip":0}
[2017-06-10 14:53:51.632] [DEBUG] pomelo - [36m[C:\www\www\pomelo\doudizhu\game-server\node_modules\pomelo\lib\components\connector.js] [39msession on [connector-server-1] bind with uid: 59352fee30186413904febec
[2017-06-10 14:53:51.632] [WARN] pomelo - [33m[C:\www\www\pomelo\doudizhu\game-server\node_modules\pomelo\lib\components\connector.js] [39mtry to response to a notify: "connector.RoomHandler.enterRoom"
[2017-06-10 14:53:51.633] [DEBUG] pomelo - [36m[C:\www\www\pomelo\doudizhu\game-server\node_modules\pomelo\lib\common\service\channelService.js] [39m[connector-server-1] channelService sendMessageByGroup route: enterRoom, msg: "q进入房间了", groups: {"connector-server-1":["59352fee30186413904febec"]}, opts: {}
[2017-06-10 14:53:51.634] [DEBUG] pomelo - [36m[C:\www\www\pomelo\doudizhu\game-server\node_modules\pomelo\lib\common\remote\frontend\channelRemote.js] [39m[connector-server-1] pushMessage uids: ["59352fee30186413904febec"], msg: "q进入房间了", sids: [5,6,7]
[2017-06-10 14:53:51.635] [DEBUG] pomelo - [36m[C:\www\www\pomelo\doudizhu\game-server\node_modules\pomelo\lib\components\connector.js] [39m[connector-server-1] send message reqId: null, route: enterRoom, msg: "q进入房间了", receivers: [5,6,7], opts: {"type":"push","userOptions":{},"isPush":true}
[2017-06-10 14:53:54.982] [INFO] pomelo - [32m[C:\www\www\pomelo\doudizhu\game-server\node_modules\pomelo\lib\connectors\commands\heartbeat.js] [39mclient 5 heartbeat timeout.
[2017-06-10 14:53:54.983] [DEBUG] pomelo - [36m[C:\www\www\pomelo\doudizhu\game-server\node_modules\pomelo\lib\common\service\sessionService.js] [39msession on [connector-server-1] is closed with session id: 5
[2017-06-10 14:53:57.601] [INFO] pomelo - [32m[C:\www\www\pomelo\doudizhu\game-server\node_modules\pomelo\lib\connectors\commands\heartbeat.js] [39mclient 6 heartbeat timeout.
[2017-06-10 14:53:57.602] [DEBUG] pomelo - [36m[C:\www\www\pomelo\doudizhu\game-server\node_modules\pomelo\lib\common\service\sessionService.js] [39msession on [connector-server-1] is closed with session id: 6
[2017-06-10 14:53:57.629] [INFO] pomelo - [32m[C:\www\www\pomelo\doudizhu\game-server\node_modules\pomelo\lib\connectors\commands\heartbeat.js] [39mclient 7 heartbeat timeout.
[2017-06-10 14:53:57.630] [DEBUG] pomelo - [36m[C:\www\www\pomelo\doudizhu\game-server\node_modules\pomelo\lib\common\service\sessionService.js] [39msession on [connector-server-1] is closed with session id: 7
[2017-06-10 14:58:38.839] [DEBUG] pomelo - [36m[C:\www\www\pomelo\doudizhu\game-server\node_modules\pomelo\lib\components\connector.js] [39m[connector-server-1] getSession session is created with session id: 8
[2017-06-10 14:58:38.852] [DEBUG] pomelo - [36m[C:\www\www\pomelo\doudizhu\game-server\node_modules\pomelo\lib\components\connector.js] [39m[connector-server-1] handleMessage session id: 8, msg: {"id":0,"type":1,"compressRoute":0,"route":"connector.RoomHandler.enterRoom","body":{"id":"593516dddeaa611ac044eb78","nicheng":"aa","room":"room60"},"compressGzip":0}
[2017-06-10 14:58:38.852] [DEBUG] pomelo - [36m[C:\www\www\pomelo\doudizhu\game-server\node_modules\pomelo\lib\components\connector.js] [39msession on [connector-server-1] bind with uid: 593516dddeaa611ac044eb78
[2017-06-10 14:58:38.852] [WARN] pomelo - [33m[C:\www\www\pomelo\doudizhu\game-server\node_modules\pomelo\lib\components\connector.js] [39mtry to response to a notify: "connector.RoomHandler.enterRoom"
[2017-06-10 14:58:38.853] [DEBUG] pomelo - [36m[C:\www\www\pomelo\doudizhu\game-server\node_modules\pomelo\lib\common\service\channelService.js] [39m[connector-server-1] channelService sendMessageByGroup route: enterRoom, msg: "aa进入房间了", groups: {"connector-server-1":["593516dddeaa611ac044eb78"]}, opts: {}
[2017-06-10 14:58:38.853] [DEBUG] pomelo - [36m[C:\www\www\pomelo\doudizhu\game-server\node_modules\pomelo\lib\common\remote\frontend\channelRemote.js] [39m[connector-server-1] pushMessage uids: ["593516dddeaa611ac044eb78"], msg: "aa进入房间了", sids: [8]
[2017-06-10 14:58:38.853] [DEBUG] pomelo - [36m[C:\www\www\pomelo\doudizhu\game-server\node_modules\pomelo\lib\components\connector.js] [39m[connector-server-1] send message reqId: null, route: enterRoom, msg: "aa进入房间了", receivers: [8], opts: {"type":"push","userOptions":{},"isPush":true}
[2017-06-10 14:58:47.345] [DEBUG] pomelo - [36m[C:\www\www\pomelo\doudizhu\game-server\node_modules\pomelo\lib\components\connector.js] [39m[connector-server-1] getSession session is created with session id: 9
[2017-06-10 14:58:47.353] [DEBUG] pomelo - [36m[C:\www\www\pomelo\doudizhu\game-server\node_modules\pomelo\lib\components\connector.js] [39m[connector-server-1] handleMessage session id: 9, msg: {"id":0,"type":1,"compressRoute":0,"route":"connector.RoomHandler.enterRoom","body":{},"compressGzip":0}
[2017-06-10 14:58:47.354] [DEBUG] pomelo - [36m[C:\www\www\pomelo\doudizhu\game-server\node_modules\pomelo\lib\components\connector.js] [39msession on [connector-server-1] bind with uid: undefined
[2017-06-10 14:58:47.354] [WARN] pomelo - [33m[C:\www\www\pomelo\doudizhu\game-server\node_modules\pomelo\lib\components\connector.js] [39mtry to response to a notify: "connector.RoomHandler.enterRoom"
[2017-06-10 14:58:47.354] [DEBUG] pomelo - [36m[C:\www\www\pomelo\doudizhu\game-server\node_modules\pomelo\lib\common\service\channelService.js] [39m[connector-server-1] channelService sendMessageByGroup route: enterRoom, msg: "undefined进入房间了", groups: {"connector-server-1":[null]}, opts: {}
[2017-06-10 14:58:47.357] [DEBUG] pomelo - [36m[C:\www\www\pomelo\doudizhu\game-server\node_modules\pomelo\lib\common\remote\frontend\channelRemote.js] [39m[connector-server-1] pushMessage uids: [null], msg: "undefined进入房间了", sids: [9]
[2017-06-10 14:58:47.357] [DEBUG] pomelo - [36m[C:\www\www\pomelo\doudizhu\game-server\node_modules\pomelo\lib\components\connector.js] [39m[connector-server-1] send message reqId: null, route: enterRoom, msg: "undefined进入房间了", receivers: [9], opts: {"type":"push","userOptions":{},"isPush":true}
[2017-06-10 14:58:53.352] [INFO] pomelo - [32m[C:\www\www\pomelo\doudizhu\game-server\node_modules\pomelo\lib\connectors\commands\heartbeat.js] [39mclient 9 heartbeat timeout.
[2017-06-10 14:58:53.354] [DEBUG] pomelo - [36m[C:\www\www\pomelo\doudizhu\game-server\node_modules\pomelo\lib\common\service\sessionService.js] [39msession on [connector-server-1] is closed with session id: 9
[2017-06-10 14:59:24.995] [DEBUG] pomelo - [36m[C:\www\www\pomelo\doudizhu\game-server\node_modules\pomelo\lib\common\service\sessionService.js] [39msession on [connector-server-1] is closed with session id: 8
[2017-06-10 14:59:31.338] [DEBUG] pomelo - [36m[C:\www\www\pomelo\doudizhu\game-server\node_modules\pomelo\lib\components\connector.js] [39m[connector-server-1] getSession session is created with session id: 10
[2017-06-10 14:59:31.349] [DEBUG] pomelo - [36m[C:\www\www\pomelo\doudizhu\game-server\node_modules\pomelo\lib\components\connector.js] [39m[connector-server-1] handleMessage session id: 10, msg: {"id":0,"type":1,"compressRoute":0,"route":"connector.RoomHandler.enterRoom","body":{"id":"593516dddeaa611ac044eb78","nicheng":"aa","room":"room61"},"compressGzip":0}
[2017-06-10 14:59:31.350] [DEBUG] pomelo - [36m[C:\www\www\pomelo\doudizhu\game-server\node_modules\pomelo\lib\components\connector.js] [39msession on [connector-server-1] bind with uid: 593516dddeaa611ac044eb78
[2017-06-10 14:59:31.350] [WARN] pomelo - [33m[C:\www\www\pomelo\doudizhu\game-server\node_modules\pomelo\lib\components\connector.js] [39mtry to response to a notify: "connector.RoomHandler.enterRoom"
[2017-06-10 14:59:31.351] [DEBUG] pomelo - [36m[C:\www\www\pomelo\doudizhu\game-server\node_modules\pomelo\lib\common\service\channelService.js] [39m[connector-server-1] channelService sendMessageByGroup route: enterRoom, msg: "aa进入房间了", groups: {"connector-server-1":["593516dddeaa611ac044eb78"]}, opts: {}
[2017-06-10 14:59:31.351] [DEBUG] pomelo - [36m[C:\www\www\pomelo\doudizhu\game-server\node_modules\pomelo\lib\common\remote\frontend\channelRemote.js] [39m[connector-server-1] pushMessage uids: ["593516dddeaa611ac044eb78"], msg: "aa进入房间了", sids: [10]
[2017-06-10 14:59:31.352] [DEBUG] pomelo - [36m[C:\www\www\pomelo\doudizhu\game-server\node_modules\pomelo\lib\components\connector.js] [39m[connector-server-1] send message reqId: null, route: enterRoom, msg: "aa进入房间了", receivers: [10], opts: {"type":"push","userOptions":{},"isPush":true}
[2017-06-10 14:59:47.902] [DEBUG] pomelo - [36m[C:\www\www\pomelo\doudizhu\game-server\node_modules\pomelo\lib\components\connector.js] [39m[connector-server-1] getSession session is created with session id: 11
[2017-06-10 14:59:47.919] [DEBUG] pomelo - [36m[C:\www\www\pomelo\doudizhu\game-server\node_modules\pomelo\lib\components\connector.js] [39m[connector-server-1] handleMessage session id: 11, msg: {"id":0,"type":1,"compressRoute":0,"route":"connector.RoomHandler.enterRoom","body":{},"compressGzip":0}
[2017-06-10 14:59:47.920] [DEBUG] pomelo - [36m[C:\www\www\pomelo\doudizhu\game-server\node_modules\pomelo\lib\components\connector.js] [39msession on [connector-server-1] bind with uid: undefined
[2017-06-10 14:59:47.920] [WARN] pomelo - [33m[C:\www\www\pomelo\doudizhu\game-server\node_modules\pomelo\lib\components\connector.js] [39mtry to response to a notify: "connector.RoomHandler.enterRoom"
[2017-06-10 14:59:47.920] [DEBUG] pomelo - [36m[C:\www\www\pomelo\doudizhu\game-server\node_modules\pomelo\lib\common\service\channelService.js] [39m[connector-server-1] channelService sendMessageByGroup route: enterRoom, msg: "undefined进入房间了", groups: {"connector-server-1":[null,null]}, opts: {}
[2017-06-10 14:59:47.921] [DEBUG] pomelo - [36m[C:\www\www\pomelo\doudizhu\game-server\node_modules\pomelo\lib\common\remote\frontend\channelRemote.js] [39m[connector-server-1] pushMessage uids: [null,null], msg: "undefined进入房间了", sids: [11,11]
[2017-06-10 14:59:47.921] [DEBUG] pomelo - [36m[C:\www\www\pomelo\doudizhu\game-server\node_modules\pomelo\lib\components\connector.js] [39m[connector-server-1] send message reqId: null, route: enterRoom, msg: "undefined进入房间了", receivers: [11,11], opts: {"type":"push","userOptions":{},"isPush":true}
[2017-06-12 14:50:30.601] [INFO] pomelo - [32m[C:\www\www\pomelo\doudizhu\game-server\node_modules\pomelo\lib\application.js] [39mapplication inited: "connector-server-1"
[2017-06-12 14:50:31.353] [INFO] pomelo - [32m[C:\www\www\pomelo\doudizhu\game-server\node_modules\pomelo\lib\application.js] [39m"connector-server-1" enter after start...
[2017-06-12 14:50:31.358] [INFO] pomelo - [32m[C:\www\www\pomelo\doudizhu\game-server\node_modules\pomelo\lib\application.js] [39m"connector-server-1" finish start
[2017-06-12 14:50:31.358] [INFO] pomelo - [32m[C:\www\www\pomelo\doudizhu\game-server\node_modules\pomelo\lib\application.js] [39m"connector-server-1" startup in 608 ms
[2017-06-12 17:50:34.443] [DEBUG] pomelo - [36m[C:\www\www\pomelo\doudizhu\game-server\node_modules\pomelo\lib\components\connector.js] [39m[connector-server-1] getSession session is created with session id: 1
[2017-06-12 17:50:34.481] [DEBUG] pomelo - [36m[C:\www\www\pomelo\doudizhu\game-server\node_modules\pomelo\lib\components\connector.js] [39m[connector-server-1] handleMessage session id: 1, msg: {"id":0,"type":1,"compressRoute":0,"route":"connector.RoomHandler.enterRoom","body":{"id":"59352fee30186413904febec","nicheng":"q","role":1,"room":"room1"},"compressGzip":0}
[2017-06-12 17:50:34.497] [DEBUG] pomelo - [36m[C:\www\www\pomelo\doudizhu\game-server\node_modules\pomelo\lib\components\connector.js] [39msession on [connector-server-1] bind with uid: 59352fee30186413904febec
[2017-06-12 17:50:34.502] [WARN] pomelo - [33m[C:\www\www\pomelo\doudizhu\game-server\node_modules\pomelo\lib\components\connector.js] [39mtry to response to a notify: "connector.RoomHandler.enterRoom"
[2017-06-12 17:50:34.504] [DEBUG] pomelo - [36m[C:\www\www\pomelo\doudizhu\game-server\node_modules\pomelo\lib\common\service\channelService.js] [39m[connector-server-1] channelService sendMessageByGroup route: enterRoom, msg: {"id":"59352fee30186413904febec","nicheng":"q","role":1,"room":"room1","__route__":"connector.RoomHandler.enterRoom"}, groups: {"connector-server-1":["59352fee30186413904febec"]}, opts: {}
[2017-06-12 17:50:34.506] [DEBUG] pomelo - [36m[C:\www\www\pomelo\doudizhu\game-server\node_modules\pomelo\lib\common\remote\frontend\channelRemote.js] [39m[connector-server-1] pushMessage uids: ["59352fee30186413904febec"], msg: {"id":"59352fee30186413904febec","nicheng":"q","role":1,"room":"room1","__route__":"connector.RoomHandler.enterRoom"}, sids: [1]
[2017-06-12 17:50:34.506] [DEBUG] pomelo - [36m[C:\www\www\pomelo\doudizhu\game-server\node_modules\pomelo\lib\components\connector.js] [39m[connector-server-1] send message reqId: null, route: enterRoom, msg: {"id":"59352fee30186413904febec","nicheng":"q","role":1,"room":"room1","__route__":"connector.RoomHandler.enterRoom"}, receivers: [1], opts: {"type":"push","userOptions":{},"isPush":true}
[2017-06-12 17:51:23.073] [DEBUG] pomelo - [36m[C:\www\www\pomelo\doudizhu\game-server\node_modules\pomelo\lib\components\connector.js] [39m[connector-server-1] getSession session is created with session id: 2
[2017-06-12 17:51:23.099] [DEBUG] pomelo - [36m[C:\www\www\pomelo\doudizhu\game-server\node_modules\pomelo\lib\components\connector.js] [39m[connector-server-1] handleMessage session id: 2, msg: {"id":0,"type":1,"compressRoute":0,"route":"connector.RoomHandler.enterRoom","body":{"id":"59352fee30186413904febec","nicheng":"q","role":1,"room":"room1"},"compressGzip":0}
[2017-06-12 17:51:23.101] [DEBUG] pomelo - [36m[C:\www\www\pomelo\doudizhu\game-server\node_modules\pomelo\lib\components\connector.js] [39msession on [connector-server-1] bind with uid: 59352fee30186413904febec
[2017-06-12 17:51:23.103] [WARN] pomelo - [33m[C:\www\www\pomelo\doudizhu\game-server\node_modules\pomelo\lib\components\connector.js] [39mtry to response to a notify: "connector.RoomHandler.enterRoom"
[2017-06-12 17:51:23.103] [DEBUG] pomelo - [36m[C:\www\www\pomelo\doudizhu\game-server\node_modules\pomelo\lib\common\service\channelService.js] [39m[connector-server-1] channelService sendMessageByGroup route: enterRoom, msg: [{"id":"59352fee30186413904febec","nicheng":"q","role":1,"room":"room1","__route__":"connector.RoomHandler.enterRoom"}], groups: {"connector-server-1":["59352fee30186413904febec","59352fee30186413904febec"]}, opts: {}
[2017-06-12 17:51:23.105] [DEBUG] pomelo - [36m[C:\www\www\pomelo\doudizhu\game-server\node_modules\pomelo\lib\common\remote\frontend\channelRemote.js] [39m[connector-server-1] pushMessage uids: ["59352fee30186413904febec","59352fee30186413904febec"], msg: [{"id":"59352fee30186413904febec","nicheng":"q","role":1,"room":"room1","__route__":"connector.RoomHandler.enterRoom"}], sids: [1,2,1,2]
[2017-06-12 17:51:23.110] [DEBUG] pomelo - [36m[C:\www\www\pomelo\doudizhu\game-server\node_modules\pomelo\lib\components\connector.js] [39m[connector-server-1] send message reqId: null, route: enterRoom, msg: [{"id":"59352fee30186413904febec","nicheng":"q","role":1,"room":"room1","__route__":"connector.RoomHandler.enterRoom"}], receivers: [1,2,1,2], opts: {"type":"push","userOptions":{},"isPush":true}
[2017-06-12 17:51:26.930] [INFO] pomelo - [32m[C:\www\www\pomelo\doudizhu\game-server\node_modules\pomelo\lib\connectors\commands\heartbeat.js] [39mclient 1 heartbeat timeout.
[2017-06-12 17:51:26.933] [DEBUG] pomelo - [36m[C:\www\www\pomelo\doudizhu\game-server\node_modules\pomelo\lib\common\service\sessionService.js] [39msession on [connector-server-1] is closed with session id: 1
[2017-06-12 17:51:27.924] [DEBUG] pomelo - [36m[C:\www\www\pomelo\doudizhu\game-server\node_modules\pomelo\lib\components\connector.js] [39m[connector-server-1] getSession session is created with session id: 3
[2017-06-12 17:51:27.942] [DEBUG] pomelo - [36m[C:\www\www\pomelo\doudizhu\game-server\node_modules\pomelo\lib\components\connector.js] [39m[connector-server-1] handleMessage session id: 3, msg: {"id":0,"type":1,"compressRoute":0,"route":"connector.RoomHandler.enterRoom","body":{"id":"59352fee30186413904febec","nicheng":"q","room":"room60"},"compressGzip":0}
[2017-06-12 17:51:27.945] [DEBUG] pomelo - [36m[C:\www\www\pomelo\doudizhu\game-server\node_modules\pomelo\lib\components\connector.js] [39msession on [connector-server-1] bind with uid: 59352fee30186413904febec
[2017-06-12 17:51:27.946] [WARN] pomelo - [33m[C:\www\www\pomelo\doudizhu\game-server\node_modules\pomelo\lib\components\connector.js] [39mtry to response to a notify: "connector.RoomHandler.enterRoom"
[2017-06-12 17:51:27.947] [DEBUG] pomelo - [36m[C:\www\www\pomelo\doudizhu\game-server\node_modules\pomelo\lib\common\service\channelService.js] [39m[connector-server-1] channelService sendMessageByGroup route: enterRoom, msg: {"id":"59352fee30186413904febec","nicheng":"q","room":"room60","__route__":"connector.RoomHandler.enterRoom"}, groups: {"connector-server-1":["59352fee30186413904febec"]}, opts: {}
[2017-06-12 17:51:27.950] [DEBUG] pomelo - [36m[C:\www\www\pomelo\doudizhu\game-server\node_modules\pomelo\lib\common\remote\frontend\channelRemote.js] [39m[connector-server-1] pushMessage uids: ["59352fee30186413904febec"], msg: {"id":"59352fee30186413904febec","nicheng":"q","room":"room60","__route__":"connector.RoomHandler.enterRoom"}, sids: [2,3]
[2017-06-12 17:51:27.951] [DEBUG] pomelo - [36m[C:\www\www\pomelo\doudizhu\game-server\node_modules\pomelo\lib\components\connector.js] [39m[connector-server-1] send message reqId: null, route: enterRoom, msg: {"id":"59352fee30186413904febec","nicheng":"q","room":"room60","__route__":"connector.RoomHandler.enterRoom"}, receivers: [2,3], opts: {"type":"push","userOptions":{},"isPush":true}
[2017-06-12 17:51:32.944] [INFO] pomelo - [32m[C:\www\www\pomelo\doudizhu\game-server\node_modules\pomelo\lib\connectors\commands\heartbeat.js] [39mclient 2 heartbeat timeout.
[2017-06-12 17:51:32.948] [DEBUG] pomelo - [36m[C:\www\www\pomelo\doudizhu\game-server\node_modules\pomelo\lib\common\service\sessionService.js] [39msession on [connector-server-1] is closed with session id: 2
[2017-06-12 17:57:31.826] [DEBUG] pomelo - [36m[C:\www\www\pomelo\doudizhu\game-server\node_modules\pomelo\lib\components\connector.js] [39m[connector-server-1] getSession session is created with session id: 4
[2017-06-12 17:57:31.849] [DEBUG] pomelo - [36m[C:\www\www\pomelo\doudizhu\game-server\node_modules\pomelo\lib\components\connector.js] [39m[connector-server-1] handleMessage session id: 4, msg: {"id":0,"type":1,"compressRoute":0,"route":"connector.RoomHandler.enterRoom","body":{"id":"593516dddeaa611ac044eb78","nicheng":"aa","role":1,"room":"room60"},"compressGzip":0}
[2017-06-12 17:57:31.850] [DEBUG] pomelo - [36m[C:\www\www\pomelo\doudizhu\game-server\node_modules\pomelo\lib\components\connector.js] [39msession on [connector-server-1] bind with uid: 593516dddeaa611ac044eb78
[2017-06-12 17:57:31.850] [WARN] pomelo - [33m[C:\www\www\pomelo\doudizhu\game-server\node_modules\pomelo\lib\components\connector.js] [39mtry to response to a notify: "connector.RoomHandler.enterRoom"
[2017-06-12 17:57:31.852] [DEBUG] pomelo - [36m[C:\www\www\pomelo\doudizhu\game-server\node_modules\pomelo\lib\common\service\channelService.js] [39m[connector-server-1] channelService sendMessageByGroup route: enterRoom, msg: [{"id":"59352fee30186413904febec","nicheng":"q","room":"room60","__route__":"connector.RoomHandler.enterRoom"}], groups: {"connector-server-1":["593516dddeaa611ac044eb78"]}, opts: {}
[2017-06-12 17:57:31.854] [DEBUG] pomelo - [36m[C:\www\www\pomelo\doudizhu\game-server\node_modules\pomelo\lib\common\remote\frontend\channelRemote.js] [39m[connector-server-1] pushMessage uids: ["593516dddeaa611ac044eb78"], msg: [{"id":"59352fee30186413904febec","nicheng":"q","room":"room60","__route__":"connector.RoomHandler.enterRoom"}], sids: [4]
[2017-06-12 17:57:31.854] [DEBUG] pomelo - [36m[C:\www\www\pomelo\doudizhu\game-server\node_modules\pomelo\lib\components\connector.js] [39m[connector-server-1] send message reqId: null, route: enterRoom, msg: [{"id":"59352fee30186413904febec","nicheng":"q","room":"room60","__route__":"connector.RoomHandler.enterRoom"}], receivers: [4], opts: {"type":"push","userOptions":{},"isPush":true}
[2017-06-12 17:57:37.623] [INFO] pomelo - [32m[C:\www\www\pomelo\doudizhu\game-server\node_modules\pomelo\lib\connectors\commands\heartbeat.js] [39mclient 3 heartbeat timeout.
[2017-06-12 17:57:37.624] [DEBUG] pomelo - [36m[C:\www\www\pomelo\doudizhu\game-server\node_modules\pomelo\lib\common\service\sessionService.js] [39msession on [connector-server-1] is closed with session id: 3
[2017-06-12 17:58:25.264] [INFO] pomelo - [32m[C:\www\www\pomelo\doudizhu\game-server\node_modules\pomelo\lib\application.js] [39mapplication inited: "connector-server-1"
[2017-06-12 17:58:25.829] [INFO] pomelo - [32m[C:\www\www\pomelo\doudizhu\game-server\node_modules\pomelo\lib\application.js] [39m"connector-server-1" enter after start...
[2017-06-12 17:58:25.835] [INFO] pomelo - [32m[C:\www\www\pomelo\doudizhu\game-server\node_modules\pomelo\lib\application.js] [39m"connector-server-1" finish start
[2017-06-12 17:58:25.835] [INFO] pomelo - [32m[C:\www\www\pomelo\doudizhu\game-server\node_modules\pomelo\lib\application.js] [39m"connector-server-1" startup in 446 ms
[2017-06-12 17:58:38.845] [DEBUG] pomelo - [36m[C:\www\www\pomelo\doudizhu\game-server\node_modules\pomelo\lib\components\connector.js] [39m[connector-server-1] getSession session is created with session id: 1
[2017-06-12 17:58:39.045] [DEBUG] pomelo - [36m[C:\www\www\pomelo\doudizhu\game-server\node_modules\pomelo\lib\components\connector.js] [39m[connector-server-1] handleMessage session id: 1, msg: {"id":0,"type":1,"compressRoute":0,"route":"connector.RoomHandler.enterRoom","body":{"id":"593516dddeaa611ac044eb78","nicheng":"aa","role":1,"room":"room1"},"compressGzip":0}
[2017-06-12 17:58:39.053] [DEBUG] pomelo - [36m[C:\www\www\pomelo\doudizhu\game-server\node_modules\pomelo\lib\components\connector.js] [39msession on [connector-server-1] bind with uid: 593516dddeaa611ac044eb78
[2017-06-12 17:58:39.056] [WARN] pomelo - [33m[C:\www\www\pomelo\doudizhu\game-server\node_modules\pomelo\lib\components\connector.js] [39mtry to response to a notify: "connector.RoomHandler.enterRoom"
[2017-06-12 17:58:39.058] [DEBUG] pomelo - [36m[C:\www\www\pomelo\doudizhu\game-server\node_modules\pomelo\lib\common\service\channelService.js] [39m[connector-server-1] channelService sendMessageByGroup route: enterRoom, msg: {"id":"593516dddeaa611ac044eb78","nicheng":"aa","role":1,"room":"room1","__route__":"connector.RoomHandler.enterRoom"}, groups: {"connector-server-1":["593516dddeaa611ac044eb78"]}, opts: {}
[2017-06-12 17:58:39.060] [DEBUG] pomelo - [36m[C:\www\www\pomelo\doudizhu\game-server\node_modules\pomelo\lib\common\remote\frontend\channelRemote.js] [39m[connector-server-1] pushMessage uids: ["593516dddeaa611ac044eb78"], msg: {"id":"593516dddeaa611ac044eb78","nicheng":"aa","role":1,"room":"room1","__route__":"connector.RoomHandler.enterRoom"}, sids: [1]
[2017-06-12 17:58:39.060] [DEBUG] pomelo - [36m[C:\www\www\pomelo\doudizhu\game-server\node_modules\pomelo\lib\components\connector.js] [39m[connector-server-1] send message reqId: null, route: enterRoom, msg: {"id":"593516dddeaa611ac044eb78","nicheng":"aa","role":1,"room":"room1","__route__":"connector.RoomHandler.enterRoom"}, receivers: [1], opts: {"type":"push","userOptions":{},"isPush":true}
[2017-06-12 18:00:36.507] [DEBUG] pomelo - [36m[C:\www\www\pomelo\doudizhu\game-server\node_modules\pomelo\lib\components\connector.js] [39m[connector-server-1] getSession session is created with session id: 2
[2017-06-12 18:00:36.515] [DEBUG] pomelo - [36m[C:\www\www\pomelo\doudizhu\game-server\node_modules\pomelo\lib\components\connector.js] [39m[connector-server-1] handleMessage session id: 2, msg: {"id":0,"type":1,"compressRoute":0,"route":"connector.RoomHandler.enterRoom","body":{},"compressGzip":0}
[2017-06-12 18:00:36.516] [DEBUG] pomelo - [36m[C:\www\www\pomelo\doudizhu\game-server\node_modules\pomelo\lib\components\connector.js] [39msession on [connector-server-1] bind with uid: undefined
[2017-06-12 18:00:36.517] [WARN] pomelo - [33m[C:\www\www\pomelo\doudizhu\game-server\node_modules\pomelo\lib\components\connector.js] [39mtry to response to a notify: "connector.RoomHandler.enterRoom"
[2017-06-12 18:00:36.517] [DEBUG] pomelo - [36m[C:\www\www\pomelo\doudizhu\game-server\node_modules\pomelo\lib\common\service\channelService.js] [39m[connector-server-1] channelService sendMessageByGroup route: enterRoom, msg: {"__route__":"connector.RoomHandler.enterRoom"}, groups: {"connector-server-1":[null]}, opts: {}
[2017-06-12 18:00:36.518] [DEBUG] pomelo - [36m[C:\www\www\pomelo\doudizhu\game-server\node_modules\pomelo\lib\common\remote\frontend\channelRemote.js] [39m[connector-server-1] pushMessage uids: [null], msg: {"__route__":"connector.RoomHandler.enterRoom"}, sids: [2]
[2017-06-12 18:00:36.518] [DEBUG] pomelo - [36m[C:\www\www\pomelo\doudizhu\game-server\node_modules\pomelo\lib\components\connector.js] [39m[connector-server-1] send message reqId: null, route: enterRoom, msg: {"__route__":"connector.RoomHandler.enterRoom"}, receivers: [2], opts: {"type":"push","userOptions":{},"isPush":true}
[2017-06-12 18:00:40.650] [INFO] pomelo - [32m[C:\www\www\pomelo\doudizhu\game-server\node_modules\pomelo\lib\connectors\commands\heartbeat.js] [39mclient 1 heartbeat timeout.
[2017-06-12 18:00:40.654] [DEBUG] pomelo - [36m[C:\www\www\pomelo\doudizhu\game-server\node_modules\pomelo\lib\common\service\sessionService.js] [39msession on [connector-server-1] is closed with session id: 1
[2017-06-12 18:00:49.278] [INFO] pomelo - [32m[C:\www\www\pomelo\doudizhu\game-server\node_modules\pomelo\lib\application.js] [39mapplication inited: "connector-server-1"
[2017-06-12 18:00:49.688] [INFO] pomelo - [32m[C:\www\www\pomelo\doudizhu\game-server\node_modules\pomelo\lib\application.js] [39m"connector-server-1" enter after start...
[2017-06-12 18:00:49.693] [INFO] pomelo - [32m[C:\www\www\pomelo\doudizhu\game-server\node_modules\pomelo\lib\application.js] [39m"connector-server-1" finish start
[2017-06-12 18:00:49.694] [INFO] pomelo - [32m[C:\www\www\pomelo\doudizhu\game-server\node_modules\pomelo\lib\application.js] [39m"connector-server-1" startup in 339 ms
[2017-06-12 18:00:59.229] [DEBUG] pomelo - [36m[C:\www\www\pomelo\doudizhu\game-server\node_modules\pomelo\lib\components\connector.js] [39m[connector-server-1] getSession session is created with session id: 1
[2017-06-12 18:00:59.363] [DEBUG] pomelo - [36m[C:\www\www\pomelo\doudizhu\game-server\node_modules\pomelo\lib\components\connector.js] [39m[connector-server-1] handleMessage session id: 1, msg: {"id":0,"type":1,"compressRoute":0,"route":"connector.RoomHandler.enterRoom","body":{"id":"593516dddeaa611ac044eb78","nicheng":"aa","role":1,"room":"room60"},"compressGzip":0}
[2017-06-12 18:00:59.371] [DEBUG] pomelo - [36m[C:\www\www\pomelo\doudizhu\game-server\node_modules\pomelo\lib\components\connector.js] [39msession on [connector-server-1] bind with uid: 593516dddeaa611ac044eb78
[2017-06-12 18:00:59.374] [WARN] pomelo - [33m[C:\www\www\pomelo\doudizhu\game-server\node_modules\pomelo\lib\components\connector.js] [39mtry to response to a notify: "connector.RoomHandler.enterRoom"
[2017-06-12 18:00:59.375] [DEBUG] pomelo - [36m[C:\www\www\pomelo\doudizhu\game-server\node_modules\pomelo\lib\common\service\channelService.js] [39m[connector-server-1] channelService sendMessageByGroup route: enterRoom, msg: {"id":"593516dddeaa611ac044eb78","nicheng":"aa","role":1,"room":"room60","__route__":"connector.RoomHandler.enterRoom"}, groups: {"connector-server-1":["593516dddeaa611ac044eb78"]}, opts: {}
[2017-06-12 18:00:59.377] [DEBUG] pomelo - [36m[C:\www\www\pomelo\doudizhu\game-server\node_modules\pomelo\lib\common\remote\frontend\channelRemote.js] [39m[connector-server-1] pushMessage uids: ["593516dddeaa611ac044eb78"], msg: {"id":"593516dddeaa611ac044eb78","nicheng":"aa","role":1,"room":"room60","__route__":"connector.RoomHandler.enterRoom"}, sids: [1]
[2017-06-12 18:00:59.378] [DEBUG] pomelo - [36m[C:\www\www\pomelo\doudizhu\game-server\node_modules\pomelo\lib\components\connector.js] [39m[connector-server-1] send message reqId: null, route: enterRoom, msg: {"id":"593516dddeaa611ac044eb78","nicheng":"aa","role":1,"room":"room60","__route__":"connector.RoomHandler.enterRoom"}, receivers: [1], opts: {"type":"push","userOptions":{},"isPush":true}
[2017-06-12 18:01:05.552] [DEBUG] pomelo - [36m[C:\www\www\pomelo\doudizhu\game-server\node_modules\pomelo\lib\components\connector.js] [39m[connector-server-1] getSession session is created with session id: 2
[2017-06-12 18:01:05.610] [DEBUG] pomelo - [36m[C:\www\www\pomelo\doudizhu\game-server\node_modules\pomelo\lib\components\connector.js] [39m[connector-server-1] handleMessage session id: 2, msg: {"id":0,"type":1,"compressRoute":0,"route":"connector.RoomHandler.enterRoom","body":{"id":"593516dddeaa611ac044eb78","nicheng":"aa","role":1,"room":"room1"},"compressGzip":0}
[2017-06-12 18:01:05.611] [DEBUG] pomelo - [36m[C:\www\www\pomelo\doudizhu\game-server\node_modules\pomelo\lib\components\connector.js] [39msession on [connector-server-1] bind with uid: 593516dddeaa611ac044eb78
[2017-06-12 18:01:05.612] [WARN] pomelo - [33m[C:\www\www\pomelo\doudizhu\game-server\node_modules\pomelo\lib\components\connector.js] [39mtry to response to a notify: "connector.RoomHandler.enterRoom"
[2017-06-12 18:01:05.613] [DEBUG] pomelo - [36m[C:\www\www\pomelo\doudizhu\game-server\node_modules\pomelo\lib\common\service\channelService.js] [39m[connector-server-1] channelService sendMessageByGroup route: enterRoom, msg: {"id":"593516dddeaa611ac044eb78","nicheng":"aa","role":1,"room":"room1","__route__":"connector.RoomHandler.enterRoom"}, groups: {"connector-server-1":["593516dddeaa611ac044eb78"]}, opts: {}
[2017-06-12 18:01:05.613] [DEBUG] pomelo - [36m[C:\www\www\pomelo\doudizhu\game-server\node_modules\pomelo\lib\common\remote\frontend\channelRemote.js] [39m[connector-server-1] pushMessage uids: ["593516dddeaa611ac044eb78"], msg: {"id":"593516dddeaa611ac044eb78","nicheng":"aa","role":1,"room":"room1","__route__":"connector.RoomHandler.enterRoom"}, sids: [1,2]
[2017-06-12 18:01:05.613] [DEBUG] pomelo - [36m[C:\www\www\pomelo\doudizhu\game-server\node_modules\pomelo\lib\components\connector.js] [39m[connector-server-1] send message reqId: null, route: enterRoom, msg: {"id":"593516dddeaa611ac044eb78","nicheng":"aa","role":1,"room":"room1","__route__":"connector.RoomHandler.enterRoom"}, receivers: [1,2], opts: {"type":"push","userOptions":{},"isPush":true}
[2017-06-12 18:01:11.368] [INFO] pomelo - [32m[C:\www\www\pomelo\doudizhu\game-server\node_modules\pomelo\lib\connectors\commands\heartbeat.js] [39mclient 1 heartbeat timeout.
[2017-06-12 18:01:11.371] [DEBUG] pomelo - [36m[C:\www\www\pomelo\doudizhu\game-server\node_modules\pomelo\lib\common\service\sessionService.js] [39msession on [connector-server-1] is closed with session id: 1
[2017-06-12 18:01:32.432] [DEBUG] pomelo - [36m[C:\www\www\pomelo\doudizhu\game-server\node_modules\pomelo\lib\components\connector.js] [39m[connector-server-1] getSession session is created with session id: 3
[2017-06-12 18:01:32.570] [DEBUG] pomelo - [36m[C:\www\www\pomelo\doudizhu\game-server\node_modules\pomelo\lib\components\connector.js] [39m[connector-server-1] handleMessage session id: 3, msg: {"id":0,"type":1,"compressRoute":0,"route":"connector.RoomHandler.enterRoom","body":{"id":"593516dddeaa611ac044eb78","nicheng":"aa","role":1,"room":"room1"},"compressGzip":0}
[2017-06-12 18:01:32.571] [DEBUG] pomelo - [36m[C:\www\www\pomelo\doudizhu\game-server\node_modules\pomelo\lib\components\connector.js] [39msession on [connector-server-1] bind with uid: 593516dddeaa611ac044eb78
[2017-06-12 18:01:32.572] [WARN] pomelo - [33m[C:\www\www\pomelo\doudizhu\game-server\node_modules\pomelo\lib\components\connector.js] [39mtry to response to a notify: "connector.RoomHandler.enterRoom"
[2017-06-12 18:01:32.572] [DEBUG] pomelo - [36m[C:\www\www\pomelo\doudizhu\game-server\node_modules\pomelo\lib\common\service\channelService.js] [39m[connector-server-1] channelService sendMessageByGroup route: enterRoom, msg: [{"id":"593516dddeaa611ac044eb78","nicheng":"aa","role":1,"room":"room1","__route__":"connector.RoomHandler.enterRoom"}], groups: {"connector-server-1":["593516dddeaa611ac044eb78"]}, opts: {}
[2017-06-12 18:01:32.572] [DEBUG] pomelo - [36m[C:\www\www\pomelo\doudizhu\game-server\node_modules\pomelo\lib\common\remote\frontend\channelRemote.js] [39m[connector-server-1] pushMessage uids: ["593516dddeaa611ac044eb78"], msg: [{"id":"593516dddeaa611ac044eb78","nicheng":"aa","role":1,"room":"room1","__route__":"connector.RoomHandler.enterRoom"}], sids: [2,3]
[2017-06-12 18:01:32.573] [DEBUG] pomelo - [36m[C:\www\www\pomelo\doudizhu\game-server\node_modules\pomelo\lib\components\connector.js] [39m[connector-server-1] send message reqId: null, route: enterRoom, msg: [{"id":"593516dddeaa611ac044eb78","nicheng":"aa","role":1,"room":"room1","__route__":"connector.RoomHandler.enterRoom"}], receivers: [2,3], opts: {"type":"push","userOptions":{},"isPush":true}
[2017-06-12 18:01:35.420] [INFO] pomelo - [32m[C:\www\www\pomelo\doudizhu\game-server\node_modules\pomelo\lib\connectors\commands\heartbeat.js] [39mclient 2 heartbeat timeout.
[2017-06-12 18:01:35.421] [DEBUG] pomelo - [36m[C:\www\www\pomelo\doudizhu\game-server\node_modules\pomelo\lib\common\service\sessionService.js] [39msession on [connector-server-1] is closed with session id: 2
[2017-06-12 18:03:06.076] [INFO] pomelo - [32m[C:\www\www\pomelo\doudizhu\game-server\node_modules\pomelo\lib\application.js] [39mapplication inited: "connector-server-1"
[2017-06-12 18:03:06.479] [INFO] pomelo - [32m[C:\www\www\pomelo\doudizhu\game-server\node_modules\pomelo\lib\application.js] [39m"connector-server-1" enter after start...
[2017-06-12 18:03:06.485] [INFO] pomelo - [32m[C:\www\www\pomelo\doudizhu\game-server\node_modules\pomelo\lib\application.js] [39m"connector-server-1" finish start
[2017-06-12 18:03:06.485] [INFO] pomelo - [32m[C:\www\www\pomelo\doudizhu\game-server\node_modules\pomelo\lib\application.js] [39m"connector-server-1" startup in 335 ms
[2017-06-12 18:03:20.937] [DEBUG] pomelo - [36m[C:\www\www\pomelo\doudizhu\game-server\node_modules\pomelo\lib\components\connector.js] [39m[connector-server-1] getSession session is created with session id: 1
[2017-06-12 18:03:21.106] [DEBUG] pomelo - [36m[C:\www\www\pomelo\doudizhu\game-server\node_modules\pomelo\lib\components\connector.js] [39m[connector-server-1] handleMessage session id: 1, msg: {"id":0,"type":1,"compressRoute":0,"route":"connector.RoomHandler.enterRoom","body":{"id":"59352fee30186413904febec","nicheng":"q","role":1,"room":"room1"},"compressGzip":0}
[2017-06-12 18:03:21.113] [DEBUG] pomelo - [36m[C:\www\www\pomelo\doudizhu\game-server\node_modules\pomelo\lib\components\connector.js] [39msession on [connector-server-1] bind with uid: 59352fee30186413904febec
[2017-06-12 18:03:21.117] [WARN] pomelo - [33m[C:\www\www\pomelo\doudizhu\game-server\node_modules\pomelo\lib\components\connector.js] [39mtry to response to a notify: "connector.RoomHandler.enterRoom"
[2017-06-12 18:03:21.118] [DEBUG] pomelo - [36m[C:\www\www\pomelo\doudizhu\game-server\node_modules\pomelo\lib\common\service\channelService.js] [39m[connector-server-1] channelService sendMessageByGroup route: enterRoom, msg: {"id":"59352fee30186413904febec","nicheng":"q","role":1,"room":"room1","__route__":"connector.RoomHandler.enterRoom"}, groups: {"connector-server-1":["59352fee30186413904febec"]}, opts: {}
[2017-06-12 18:03:21.119] [DEBUG] pomelo - [36m[C:\www\www\pomelo\doudizhu\game-server\node_modules\pomelo\lib\common\remote\frontend\channelRemote.js] [39m[connector-server-1] pushMessage uids: ["59352fee30186413904febec"], msg: {"id":"59352fee30186413904febec","nicheng":"q","role":1,"room":"room1","__route__":"connector.RoomHandler.enterRoom"}, sids: [1]
[2017-06-12 18:03:21.120] [DEBUG] pomelo - [36m[C:\www\www\pomelo\doudizhu\game-server\node_modules\pomelo\lib\components\connector.js] [39m[connector-server-1] send message reqId: null, route: enterRoom, msg: {"id":"59352fee30186413904febec","nicheng":"q","role":1,"room":"room1","__route__":"connector.RoomHandler.enterRoom"}, receivers: [1], opts: {"type":"push","userOptions":{},"isPush":true}
[2017-06-12 18:10:38.927] [DEBUG] pomelo - [36m[C:\www\www\pomelo\doudizhu\game-server\node_modules\pomelo\lib\common\service\sessionService.js] [39msession on [connector-server-1] is closed with session id: 1
[2017-06-12 18:10:39.471] [DEBUG] pomelo - [36m[C:\www\www\pomelo\doudizhu\game-server\node_modules\pomelo\lib\components\connector.js] [39m[connector-server-1] getSession session is created with session id: 2
[2017-06-12 18:10:39.488] [DEBUG] pomelo - [36m[C:\www\www\pomelo\doudizhu\game-server\node_modules\pomelo\lib\components\connector.js] [39m[connector-server-1] handleMessage session id: 2, msg: {"id":0,"type":1,"compressRoute":0,"route":"connector.RoomHandler.enterRoom","body":{"id":"59352fee30186413904febec","nicheng":"q","role":"1","room":"room1"},"compressGzip":0}
[2017-06-12 18:10:39.490] [DEBUG] pomelo - [36m[C:\www\www\pomelo\doudizhu\game-server\node_modules\pomelo\lib\components\connector.js] [39msession on [connector-server-1] bind with uid: 59352fee30186413904febec
[2017-06-12 18:10:39.491] [WARN] pomelo - [33m[C:\www\www\pomelo\doudizhu\game-server\node_modules\pomelo\lib\components\connector.js] [39mtry to response to a notify: "connector.RoomHandler.enterRoom"
[2017-06-12 18:10:39.491] [DEBUG] pomelo - [36m[C:\www\www\pomelo\doudizhu\game-server\node_modules\pomelo\lib\common\service\channelService.js] [39m[connector-server-1] channelService sendMessageByGroup route: enterRoom, msg: [{"id":"59352fee30186413904febec","nicheng":"q","role":1,"room":"room1","__route__":"connector.RoomHandler.enterRoom"}], groups: {"connector-server-1":["59352fee30186413904febec"]}, opts: {}
[2017-06-12 18:10:39.492] [DEBUG] pomelo - [36m[C:\www\www\pomelo\doudizhu\game-server\node_modules\pomelo\lib\common\remote\frontend\channelRemote.js] [39m[connector-server-1] pushMessage uids: ["59352fee30186413904febec"], msg: [{"id":"59352fee30186413904febec","nicheng":"q","role":1,"room":"room1","__route__":"connector.RoomHandler.enterRoom"}], sids: [2]
[2017-06-12 18:10:39.494] [DEBUG] pomelo - [36m[C:\www\www\pomelo\doudizhu\game-server\node_modules\pomelo\lib\components\connector.js] [39m[connector-server-1] send message reqId: null, route: enterRoom, msg: [{"id":"59352fee30186413904febec","nicheng":"q","role":1,"room":"room1","__route__":"connector.RoomHandler.enterRoom"}], receivers: [2], opts: {"type":"push","userOptions":{},"isPush":true}
[2017-06-13 14:43:49.398] [INFO] pomelo - [32m[C:\www\www\pomelo\doudizhu\game-server\node_modules\pomelo\lib\application.js] [39mapplication inited: "connector-server-1"
[2017-06-13 14:43:50.254] [INFO] pomelo - [32m[C:\www\www\pomelo\doudizhu\game-server\node_modules\pomelo\lib\application.js] [39m"connector-server-1" enter after start...
[2017-06-13 14:43:50.262] [INFO] pomelo - [32m[C:\www\www\pomelo\doudizhu\game-server\node_modules\pomelo\lib\application.js] [39m"connector-server-1" finish start
[2017-06-13 14:43:50.262] [INFO] pomelo - [32m[C:\www\www\pomelo\doudizhu\game-server\node_modules\pomelo\lib\application.js] [39m"connector-server-1" startup in 665 ms
[2017-06-13 21:29:32.965] [INFO] pomelo - [32m[C:\www\www\pomelo\doudizhu\game-server\node_modules\pomelo\lib\application.js] [39mapplication inited: "connector-server-1"
[2017-06-13 21:29:33.532] [INFO] pomelo - [32m[C:\www\www\pomelo\doudizhu\game-server\node_modules\pomelo\lib\application.js] [39m"connector-server-1" enter after start...
[2017-06-13 21:29:33.532] [INFO] pomelo - [32m[C:\www\www\pomelo\doudizhu\game-server\node_modules\pomelo\lib\application.js] [39m"connector-server-1" finish start
[2017-06-13 21:29:33.532] [INFO] pomelo - [32m[C:\www\www\pomelo\doudizhu\game-server\node_modules\pomelo\lib\application.js] [39m"connector-server-1" startup in 442 ms
[2017-06-14 08:49:30.946] [INFO] pomelo - [32m[C:\www\www\pomelo\doudizhu\game-server\node_modules\pomelo\lib\application.js] [39mapplication inited: "connector-server-1"
[2017-06-14 08:49:31.718] [INFO] pomelo - [32m[C:\www\www\pomelo\doudizhu\game-server\node_modules\pomelo\lib\application.js] [39m"connector-server-1" enter after start...
[2017-06-14 08:49:31.725] [INFO] pomelo - [32m[C:\www\www\pomelo\doudizhu\game-server\node_modules\pomelo\lib\application.js] [39m"connector-server-1" finish start
[2017-06-14 08:49:31.725] [INFO] pomelo - [32m[C:\www\www\pomelo\doudizhu\game-server\node_modules\pomelo\lib\application.js] [39m"connector-server-1" startup in 598 ms
[2017-06-14 08:50:15.519] [DEBUG] pomelo - [36m[C:\www\www\pomelo\doudizhu\game-server\node_modules\pomelo\lib\components\connector.js] [39m[connector-server-1] getSession session is created with session id: 1
[2017-06-14 08:50:15.585] [DEBUG] pomelo - [36m[C:\www\www\pomelo\doudizhu\game-server\node_modules\pomelo\lib\components\connector.js] [39m[connector-server-1] handleMessage session id: 1, msg: {"id":0,"type":1,"compressRoute":0,"route":"connector.RoomHandler.enterRoom","body":{"id":"59352fee30186413904febec","nicheng":"q","role":1,"room":"room60"},"compressGzip":0}
[2017-06-14 08:50:15.593] [DEBUG] pomelo - [36m[C:\www\www\pomelo\doudizhu\game-server\node_modules\pomelo\lib\components\connector.js] [39msession on [connector-server-1] bind with uid: 59352fee30186413904febec
[2017-06-14 08:50:15.595] [WARN] pomelo - [33m[C:\www\www\pomelo\doudizhu\game-server\node_modules\pomelo\lib\components\connector.js] [39mtry to response to a notify: "connector.RoomHandler.enterRoom"
[2017-06-14 08:50:15.596] [DEBUG] pomelo - [36m[C:\www\www\pomelo\doudizhu\game-server\node_modules\pomelo\lib\common\service\channelService.js] [39m[connector-server-1] channelService sendMessageByGroup route: enterRoom, msg: {"id":"59352fee30186413904febec","nicheng":"q","role":1,"room":"room60","__route__":"connector.RoomHandler.enterRoom"}, groups: {"connector-server-1":["59352fee30186413904febec"]}, opts: {}
[2017-06-14 08:50:15.600] [DEBUG] pomelo - [36m[C:\www\www\pomelo\doudizhu\game-server\node_modules\pomelo\lib\common\remote\frontend\channelRemote.js] [39m[connector-server-1] pushMessage uids: ["59352fee30186413904febec"], msg: {"id":"59352fee30186413904febec","nicheng":"q","role":1,"room":"room60","__route__":"connector.RoomHandler.enterRoom"}, sids: [1]
[2017-06-14 08:50:15.601] [DEBUG] pomelo - [36m[C:\www\www\pomelo\doudizhu\game-server\node_modules\pomelo\lib\components\connector.js] [39m[connector-server-1] send message reqId: null, route: enterRoom, msg: {"id":"59352fee30186413904febec","nicheng":"q","role":1,"room":"room60","__route__":"connector.RoomHandler.enterRoom"}, receivers: [1], opts: {"type":"push","userOptions":{},"isPush":true}
[2017-06-14 08:50:18.789] [DEBUG] pomelo - [36m[C:\www\www\pomelo\doudizhu\game-server\node_modules\pomelo\lib\common\service\sessionService.js] [39msession on [connector-server-1] is closed with session id: 1
[2017-06-14 08:50:19.472] [DEBUG] pomelo - [36m[C:\www\www\pomelo\doudizhu\game-server\node_modules\pomelo\lib\components\connector.js] [39m[connector-server-1] getSession session is created with session id: 2
[2017-06-14 08:50:19.512] [DEBUG] pomelo - [36m[C:\www\www\pomelo\doudizhu\game-server\node_modules\pomelo\lib\components\connector.js] [39m[connector-server-1] handleMessage session id: 2, msg: {"id":0,"type":1,"compressRoute":0,"route":"connector.RoomHandler.enterRoom","body":{},"compressGzip":0}
[2017-06-14 08:50:19.513] [DEBUG] pomelo - [36m[C:\www\www\pomelo\doudizhu\game-server\node_modules\pomelo\lib\components\connector.js] [39msession on [connector-server-1] bind with uid: undefined
[2017-06-14 08:50:19.513] [WARN] pomelo - [33m[C:\www\www\pomelo\doudizhu\game-server\node_modules\pomelo\lib\components\connector.js] [39mtry to response to a notify: "connector.RoomHandler.enterRoom"
[2017-06-14 08:50:19.514] [DEBUG] pomelo - [36m[C:\www\www\pomelo\doudizhu\game-server\node_modules\pomelo\lib\common\service\channelService.js] [39m[connector-server-1] channelService sendMessageByGroup route: enterRoom, msg: {"__route__":"connector.RoomHandler.enterRoom"}, groups: {"connector-server-1":[null]}, opts: {}
[2017-06-14 08:50:19.514] [DEBUG] pomelo - [36m[C:\www\www\pomelo\doudizhu\game-server\node_modules\pomelo\lib\common\remote\frontend\channelRemote.js] [39m[connector-server-1] pushMessage uids: [null], msg: {"__route__":"connector.RoomHandler.enterRoom"}, sids: [2]
[2017-06-14 08:50:19.514] [DEBUG] pomelo - [36m[C:\www\www\pomelo\doudizhu\game-server\node_modules\pomelo\lib\components\connector.js] [39m[connector-server-1] send message reqId: null, route: enterRoom, msg: {"__route__":"connector.RoomHandler.enterRoom"}, receivers: [2], opts: {"type":"push","userOptions":{},"isPush":true}
[2017-06-14 08:51:25.144] [DEBUG] pomelo - [36m[C:\www\www\pomelo\doudizhu\game-server\node_modules\pomelo\lib\common\service\sessionService.js] [39msession on [connector-server-1] is closed with session id: 2
[2017-06-15 09:04:18.810] [INFO] pomelo - [32m[C:\www\www\pomelo\doudizhu\game-server\node_modules\pomelo\lib\application.js] [39mapplication inited: "connector-server-1"
[2017-06-15 09:04:19.607] [INFO] pomelo - [32m[C:\www\www\pomelo\doudizhu\game-server\node_modules\pomelo\lib\application.js] [39m"connector-server-1" enter after start...
[2017-06-15 09:04:19.613] [INFO] pomelo - [32m[C:\www\www\pomelo\doudizhu\game-server\node_modules\pomelo\lib\application.js] [39m"connector-server-1" finish start
[2017-06-15 09:04:19.613] [INFO] pomelo - [32m[C:\www\www\pomelo\doudizhu\game-server\node_modules\pomelo\lib\application.js] [39m"connector-server-1" startup in 634 ms
